<?xml version="1.0" encoding="UTF-8"?>
<coverage generated="1617183832008" clover="3.2.0">
  <project timestamp="1617183832009" name="All files">
    <metrics statements="553" coveredstatements="549" conditionals="406" coveredconditionals="405" methods="200" coveredmethods="198" elements="1159" coveredelements="1152" complexity="0" loc="553" ncloc="553" packages="20" files="27" classes="27"/>
    <package name="src.mixins">
      <metrics statements="48" coveredstatements="48" conditionals="39" coveredconditionals="39" methods="12" coveredmethods="12"/>
      <file name="emitter.js" path="/Users/xushijie/Desktop/myself/j-ui-library/src/mixins/emitter.js">
        <metrics statements="14" coveredstatements="14" conditionals="9" coveredconditionals="9" methods="4" coveredmethods="4"/>
        <line num="5" count="78" type="stmt"/>
        <line num="9" count="7" type="stmt"/>
        <line num="10" count="7" type="stmt"/>
        <line num="11" count="7" type="cond" truecount="3" falsecount="0"/>
        <line num="12" count="10" type="stmt"/>
        <line num="13" count="10" type="cond" truecount="2" falsecount="0"/>
        <line num="14" count="9" type="stmt"/>
        <line num="17" count="7" type="cond" truecount="2" falsecount="0"/>
        <line num="18" count="6" type="stmt"/>
        <line num="26" count="249" type="stmt"/>
        <line num="27" count="242" type="stmt"/>
        <line num="28" count="242" type="cond" truecount="2" falsecount="0"/>
        <line num="29" count="71" type="stmt"/>
        <line num="31" count="171" type="stmt"/>
      </file>
      <file name="vue-popper.js" path="/Users/xushijie/Desktop/myself/j-ui-library/src/mixins/vue-popper.js">
        <metrics statements="34" coveredstatements="34" conditionals="30" coveredconditionals="30" methods="8" coveredmethods="8"/>
        <line num="7" count="121" type="stmt"/>
        <line num="29" count="121" type="stmt"/>
        <line num="40" count="13" type="cond" truecount="2" falsecount="0"/>
        <line num="46" count="54" type="cond" truecount="2" falsecount="0"/>
        <line num="47" count="54" type="stmt"/>
        <line num="48" count="54" type="cond" truecount="2" falsecount="0"/>
        <line num="50" count="53" type="stmt"/>
        <line num="51" count="53" type="cond" truecount="2" falsecount="0"/>
        <line num="52" count="53" type="cond" truecount="4" falsecount="0"/>
        <line num="54" count="51" type="cond" truecount="2" falsecount="0"/>
        <line num="56" count="51" type="cond" truecount="2" falsecount="0"/>
        <line num="57" count="50" type="stmt"/>
        <line num="60" count="51" type="cond" truecount="2" falsecount="0"/>
        <line num="61" count="1" type="stmt"/>
        <line num="65" count="51" type="stmt"/>
        <line num="66" count="51" type="stmt"/>
        <line num="67" count="51" type="stmt"/>
        <line num="68" count="51" type="stmt"/>
        <line num="72" count="51" type="stmt"/>
        <line num="74" count="51" type="cond" truecount="4" falsecount="0"/>
        <line num="78" count="72" type="stmt"/>
        <line num="79" count="72" type="cond" truecount="2" falsecount="0"/>
        <line num="80" count="29" type="stmt"/>
        <line num="82" count="43" type="stmt"/>
        <line num="86" count="3" type="cond" truecount="2" falsecount="0"/>
        <line num="87" count="1" type="stmt"/>
        <line num="88" count="1" type="stmt"/>
        <line num="92" count="50" type="stmt"/>
        <line num="94" count="50" type="stmt"/>
        <line num="96" count="50" type="stmt"/>
        <line num="98" count="50" type="stmt"/>
        <line num="102" count="3" type="stmt"/>
        <line num="103" count="3" type="cond" truecount="4" falsecount="0"/>
        <line num="104" count="1" type="stmt"/>
      </file>
    </package>
    <package name="src.packages.autocomplete">
      <metrics statements="2" coveredstatements="2" conditionals="0" coveredconditionals="0" methods="1" coveredmethods="1"/>
      <file name="index.js" path="/Users/xushijie/Desktop/myself/j-ui-library/src/packages/autocomplete/index.js">
        <metrics statements="2" coveredstatements="2" conditionals="0" coveredconditionals="0" methods="1" coveredmethods="1"/>
        <line num="3" count="2" type="stmt"/>
        <line num="4" count="1" type="stmt"/>
      </file>
    </package>
    <package name="src.packages.autocomplete.src">
      <metrics statements="54" coveredstatements="54" conditionals="16" coveredconditionals="16" methods="26" coveredmethods="26"/>
      <file name="autocomplete-suggest.vue" path="/Users/xushijie/Desktop/myself/j-ui-library/src/packages/autocomplete/src/autocomplete-suggest.vue">
        <metrics statements="12" coveredstatements="12" conditionals="4" coveredconditionals="4" methods="6" coveredmethods="6"/>
        <line num="2" count="2" type="stmt"/>
        <line num="3" count="2" type="stmt"/>
        <line num="13" count="34" type="stmt"/>
        <line num="18" count="34" type="stmt"/>
        <line num="19" count="8" type="stmt"/>
        <line num="20" count="8" type="stmt"/>
        <line num="23" count="47" type="stmt"/>
        <line num="25" count="47" type="stmt"/>
        <line num="27" count="47" type="cond" truecount="2" falsecount="0"/>
        <line num="44" count="34" type="stmt"/>
        <line num="45" count="34" type="stmt"/>
        <line num="48" count="13" type="cond" truecount="2" falsecount="0"/>
      </file>
      <file name="main.vue" path="/Users/xushijie/Desktop/myself/j-ui-library/src/packages/autocomplete/src/main.vue">
        <metrics statements="42" coveredstatements="42" conditionals="12" coveredconditionals="12" methods="20" coveredmethods="20"/>
        <line num="2" count="2" type="stmt"/>
        <line num="3" count="2" type="stmt"/>
        <line num="4" count="2" type="stmt"/>
        <line num="5" count="2" type="stmt"/>
        <line num="6" count="2" type="stmt"/>
        <line num="16" count="34" type="stmt"/>
        <line num="66" count="34" type="cond" truecount="2" falsecount="0"/>
        <line num="69" count="47" type="stmt"/>
        <line num="70" count="47" type="cond" truecount="2" falsecount="0"/>
        <line num="71" count="47" type="cond" truecount="2" falsecount="0"/>
        <line num="76" count="8" type="stmt"/>
        <line num="77" count="8" type="stmt"/>
        <line num="82" count="3" type="stmt"/>
        <line num="83" count="3" type="cond" truecount="2" falsecount="0"/>
        <line num="84" count="2" type="stmt"/>
        <line num="86" count="1" type="stmt"/>
        <line num="91" count="43" type="stmt"/>
        <line num="92" count="43" type="stmt"/>
        <line num="93" count="43" type="stmt"/>
        <line num="94" count="172" type="cond" truecount="2" falsecount="0"/>
        <line num="95" count="12" type="stmt"/>
        <line num="98" count="43" type="stmt"/>
        <line num="101" count="2" type="stmt"/>
        <line num="102" count="2" type="stmt"/>
        <line num="105" count="3" type="stmt"/>
        <line num="106" count="3" type="stmt"/>
        <line num="109" count="1" type="stmt"/>
        <line num="112" count="42" type="stmt"/>
        <line num="115" count="2" type="stmt"/>
        <line num="116" count="2" type="stmt"/>
        <line num="117" count="2" type="stmt"/>
        <line num="118" count="2" type="stmt"/>
        <line num="122" count="34" type="stmt"/>
        <line num="126" count="34" type="stmt"/>
        <line num="129" count="1" type="stmt"/>
        <line num="131" count="43" type="stmt"/>
        <line num="134" count="43" type="stmt"/>
        <line num="136" count="43" type="stmt"/>
        <line num="147" count="43" type="cond" truecount="2" falsecount="0"/>
        <line num="155" count="43" type="stmt"/>
        <line num="181" count="7" type="stmt"/>
        <line num="184" count="2" type="stmt"/>
      </file>
    </package>
    <package name="src.packages.bubble">
      <metrics statements="2" coveredstatements="2" conditionals="0" coveredconditionals="0" methods="1" coveredmethods="1"/>
      <file name="index.js" path="/Users/xushijie/Desktop/myself/j-ui-library/src/packages/bubble/index.js">
        <metrics statements="2" coveredstatements="2" conditionals="0" coveredconditionals="0" methods="1" coveredmethods="1"/>
        <line num="4" count="2" type="stmt"/>
        <line num="5" count="1" type="stmt"/>
      </file>
    </package>
    <package name="src.packages.bubble.src">
      <metrics statements="36" coveredstatements="36" conditionals="22" coveredconditionals="22" methods="13" coveredmethods="13"/>
      <file name="main.vue" path="/Users/xushijie/Desktop/myself/j-ui-library/src/packages/bubble/src/main.vue">
        <metrics statements="36" coveredstatements="36" conditionals="22" coveredconditionals="22" methods="13" coveredmethods="13"/>
        <line num="2" count="2" type="stmt"/>
        <line num="3" count="2" type="stmt"/>
        <line num="9" count="14" type="stmt"/>
        <line num="23" count="12" type="cond" truecount="2" falsecount="0"/>
        <line num="27" count="1" type="stmt"/>
        <line num="28" count="1" type="stmt"/>
        <line num="29" count="1" type="stmt"/>
        <line num="32" count="15" type="cond" truecount="2" falsecount="0"/>
        <line num="33" count="14" type="cond" truecount="2" falsecount="0"/>
        <line num="34" count="12" type="stmt"/>
        <line num="35" count="12" type="stmt"/>
        <line num="36" count="12" type="stmt"/>
        <line num="37" count="12" type="stmt"/>
        <line num="40" count="5" type="cond" truecount="2" falsecount="0"/>
        <line num="44" count="1" type="stmt"/>
        <line num="47" count="1" type="stmt"/>
        <line num="50" count="10" type="stmt"/>
        <line num="53" count="7" type="cond" truecount="2" falsecount="0"/>
        <line num="54" count="3" type="stmt"/>
        <line num="57" count="5" type="stmt"/>
        <line num="58" count="5" type="stmt"/>
        <line num="61" count="5" type="stmt"/>
        <line num="62" count="5" type="stmt"/>
        <line num="65" count="48" type="stmt"/>
        <line num="66" count="48" type="stmt"/>
        <line num="67" count="48" type="stmt"/>
        <line num="68" count="48" type="cond" truecount="4" falsecount="0"/>
        <line num="69" count="46" type="stmt"/>
        <line num="72" count="48" type="stmt"/>
        <line num="75" count="19" type="stmt"/>
        <line num="78" count="20" type="cond" truecount="2" falsecount="0"/>
        <line num="79" count="19" type="cond" truecount="2" falsecount="0"/>
        <line num="81" count="17" type="stmt"/>
        <line num="84" count="17" type="cond" truecount="2" falsecount="0"/>
        <line num="91" count="17" type="cond" truecount="2" falsecount="0"/>
        <line num="108" count="17" type="stmt"/>
      </file>
    </package>
    <package name="src.packages.button">
      <metrics statements="2" coveredstatements="2" conditionals="0" coveredconditionals="0" methods="1" coveredmethods="1"/>
      <file name="index.js" path="/Users/xushijie/Desktop/myself/j-ui-library/src/packages/button/index.js">
        <metrics statements="2" coveredstatements="2" conditionals="0" coveredconditionals="0" methods="1" coveredmethods="1"/>
        <line num="3" count="2" type="stmt"/>
        <line num="4" count="1" type="stmt"/>
      </file>
    </package>
    <package name="src.packages.button.src">
      <metrics statements="7" coveredstatements="7" conditionals="6" coveredconditionals="6" methods="3" coveredmethods="3"/>
      <file name="main.vue" path="/Users/xushijie/Desktop/myself/j-ui-library/src/packages/button/src/main.vue">
        <metrics statements="7" coveredstatements="7" conditionals="6" coveredconditionals="6" methods="3" coveredmethods="3"/>
        <line num="12" count="9" type="cond" truecount="2" falsecount="0"/>
        <line num="17" count="1" type="stmt"/>
        <line num="20" count="9" type="stmt"/>
        <line num="22" count="9" type="stmt"/>
        <line num="24" count="9" type="cond" truecount="2" falsecount="0"/>
        <line num="31" count="9" type="cond" truecount="2" falsecount="0"/>
        <line num="47" count="9" type="stmt"/>
      </file>
    </package>
    <package name="src.packages.card">
      <metrics statements="2" coveredstatements="2" conditionals="0" coveredconditionals="0" methods="1" coveredmethods="1"/>
      <file name="index.js" path="/Users/xushijie/Desktop/myself/j-ui-library/src/packages/card/index.js">
        <metrics statements="2" coveredstatements="2" conditionals="0" coveredconditionals="0" methods="1" coveredmethods="1"/>
        <line num="3" count="2" type="stmt"/>
        <line num="4" count="1" type="stmt"/>
      </file>
    </package>
    <package name="src.packages.card.src">
      <metrics statements="12" coveredstatements="12" conditionals="30" coveredconditionals="30" methods="4" coveredmethods="4"/>
      <file name="main.vue" path="/Users/xushijie/Desktop/myself/j-ui-library/src/packages/card/src/main.vue">
        <metrics statements="12" coveredstatements="12" conditionals="30" coveredconditionals="30" methods="4" coveredmethods="4"/>
        <line num="18" count="21" type="cond" truecount="2" falsecount="0"/>
        <line num="23" count="1" type="stmt"/>
        <line num="26" count="1" type="stmt"/>
        <line num="29" count="21" type="stmt"/>
        <line num="31" count="21" type="stmt"/>
        <line num="33" count="21" type="cond" truecount="2" falsecount="0"/>
        <line num="40" count="21" type="cond" truecount="2" falsecount="0"/>
        <line num="48" count="21" type="cond" truecount="2" falsecount="0"/>
        <line num="52" count="21" type="cond" truecount="2" falsecount="0"/>
        <line num="60" count="21" type="cond" truecount="4" falsecount="0"/>
        <line num="77" count="21" type="cond" truecount="9" falsecount="0"/>
        <line num="111" count="21" type="stmt"/>
      </file>
    </package>
    <package name="src.packages.input">
      <metrics statements="2" coveredstatements="2" conditionals="0" coveredconditionals="0" methods="1" coveredmethods="1"/>
      <file name="index.js" path="/Users/xushijie/Desktop/myself/j-ui-library/src/packages/input/index.js">
        <metrics statements="2" coveredstatements="2" conditionals="0" coveredconditionals="0" methods="1" coveredmethods="1"/>
        <line num="3" count="4" type="stmt"/>
        <line num="4" count="1" type="stmt"/>
      </file>
    </package>
    <package name="src.packages.input.src">
      <metrics statements="58" coveredstatements="58" conditionals="57" coveredconditionals="57" methods="28" coveredmethods="28"/>
      <file name="main.vue" path="/Users/xushijie/Desktop/myself/j-ui-library/src/packages/input/src/main.vue">
        <metrics statements="58" coveredstatements="58" conditionals="57" coveredconditionals="57" methods="28" coveredmethods="28"/>
        <line num="35" count="154" type="stmt"/>
        <line num="44" count="154" type="cond" truecount="2" falsecount="0"/>
        <line num="47" count="154" type="stmt"/>
        <line num="50" count="170" type="stmt"/>
        <line num="53" count="153" type="cond" truecount="5" falsecount="0"/>
        <line num="56" count="179" type="cond" truecount="2" falsecount="0"/>
        <line num="59" count="154" type="cond" truecount="6" falsecount="0"/>
        <line num="64" count="260" type="stmt"/>
        <line num="65" count="260" type="stmt"/>
        <line num="69" count="520" type="cond" truecount="2" falsecount="0"/>
        <line num="71" count="863" type="cond" truecount="2" falsecount="0"/>
        <line num="73" count="177" type="stmt"/>
        <line num="78" count="177" type="stmt"/>
        <line num="79" count="177" type="cond" truecount="2" falsecount="0"/>
        <line num="80" count="2" type="stmt"/>
        <line num="81" count="2" type="cond" truecount="2" falsecount="0"/>
        <line num="85" count="25" type="stmt"/>
        <line num="86" count="25" type="stmt"/>
        <line num="89" count="22" type="stmt"/>
        <line num="90" count="22" type="stmt"/>
        <line num="93" count="4" type="stmt"/>
        <line num="94" count="4" type="stmt"/>
        <line num="95" count="4" type="stmt"/>
        <line num="99" count="241" type="stmt"/>
        <line num="102" count="20" type="stmt"/>
        <line num="105" count="1" type="stmt"/>
        <line num="108" count="178" type="stmt"/>
        <line num="109" count="313" type="cond" truecount="2" falsecount="0"/>
        <line num="110" count="43" type="stmt"/>
        <line num="113" count="8" type="cond" truecount="2" falsecount="0"/>
        <line num="114" count="8" type="cond" truecount="2" falsecount="0"/>
        <line num="115" count="4" type="stmt"/>
        <line num="118" count="1" type="stmt"/>
        <line num="121" count="3" type="cond" truecount="2" falsecount="0"/>
        <line num="122" count="1" type="stmt"/>
        <line num="123" count="1" type="stmt"/>
        <line num="126" count="1" type="stmt"/>
        <line num="129" count="1" type="stmt"/>
        <line num="130" count="1" type="stmt"/>
        <line num="131" count="1" type="stmt"/>
        <line num="132" count="1" type="stmt"/>
        <line num="133" count="1" type="stmt"/>
        <line num="138" count="155" type="cond" truecount="2" falsecount="0"/>
        <line num="139" count="153" type="stmt"/>
        <line num="140" count="153" type="stmt"/>
        <line num="143" count="107" type="stmt"/>
        <line num="147" count="25" type="stmt"/>
        <line num="150" count="261" type="stmt"/>
        <line num="153" count="261" type="stmt"/>
        <line num="163" count="262" type="cond" truecount="2" falsecount="0"/>
        <line num="165" count="260" type="cond" truecount="2" falsecount="0"/>
        <line num="170" count="260" type="cond" truecount="2" falsecount="0"/>
        <line num="182" count="260" type="cond" truecount="2" falsecount="0"/>
        <line num="188" count="260" type="cond" truecount="2" falsecount="0"/>
        <line num="193" count="260" type="cond" truecount="2" falsecount="0"/>
        <line num="197" count="3" type="stmt"/>
        <line num="198" count="3" type="stmt"/>
        <line num="260" count="260" type="stmt"/>
      </file>
    </package>
    <package name="src.packages.option">
      <metrics statements="2" coveredstatements="2" conditionals="0" coveredconditionals="0" methods="1" coveredmethods="1"/>
      <file name="index.js" path="/Users/xushijie/Desktop/myself/j-ui-library/src/packages/option/index.js">
        <metrics statements="2" coveredstatements="2" conditionals="0" coveredconditionals="0" methods="1" coveredmethods="1"/>
        <line num="4" count="1" type="stmt"/>
        <line num="5" count="1" type="stmt"/>
      </file>
    </package>
    <package name="src.packages.scrollbar">
      <metrics statements="0" coveredstatements="0" conditionals="0" coveredconditionals="0" methods="0" coveredmethods="0"/>
      <file name="index.js" path="/Users/xushijie/Desktop/myself/j-ui-library/src/packages/scrollbar/index.js">
        <metrics statements="0" coveredstatements="0" conditionals="0" coveredconditionals="0" methods="0" coveredmethods="0"/>
      </file>
    </package>
    <package name="src.packages.scrollbar.src">
      <metrics statements="16" coveredstatements="12" conditionals="2" coveredconditionals="2" methods="6" coveredmethods="4"/>
      <file name="bar.vue" path="/Users/xushijie/Desktop/myself/j-ui-library/src/packages/scrollbar/src/bar.vue">
        <metrics statements="6" coveredstatements="6" conditionals="2" coveredconditionals="2" methods="2" coveredmethods="2"/>
        <line num="2" count="3" type="stmt"/>
        <line num="9" count="194" type="cond" truecount="2" falsecount="0"/>
        <line num="12" count="194" type="stmt"/>
        <line num="14" count="194" type="stmt"/>
        <line num="17" count="194" type="stmt"/>
        <line num="22" count="194" type="stmt"/>
      </file>
      <file name="main.vue" path="/Users/xushijie/Desktop/myself/j-ui-library/src/packages/scrollbar/src/main.vue">
        <metrics statements="9" coveredstatements="5" conditionals="0" coveredconditionals="0" methods="4" coveredmethods="2"/>
        <line num="3" count="3" type="stmt"/>
        <line num="10" count="97" type="stmt"/>
        <line num="25" count="0" type="stmt"/>
        <line num="26" count="0" type="stmt"/>
        <line num="27" count="0" type="stmt"/>
        <line num="32" count="0" type="stmt"/>
        <line num="40" count="202" type="stmt"/>
        <line num="45" count="202" type="stmt"/>
        <line num="52" count="202" type="stmt"/>
      </file>
      <file name="util.js" path="/Users/xushijie/Desktop/myself/j-ui-library/src/packages/scrollbar/src/util.js">
        <metrics statements="1" coveredstatements="1" conditionals="0" coveredconditionals="0" methods="0" coveredmethods="0"/>
        <line num="1" count="3" type="stmt"/>
      </file>
    </package>
    <package name="src.packages.select">
      <metrics statements="2" coveredstatements="2" conditionals="0" coveredconditionals="0" methods="1" coveredmethods="1"/>
      <file name="index.js" path="/Users/xushijie/Desktop/myself/j-ui-library/src/packages/select/index.js">
        <metrics statements="2" coveredstatements="2" conditionals="0" coveredconditionals="0" methods="1" coveredmethods="1"/>
        <line num="3" count="2" type="stmt"/>
        <line num="4" count="1" type="stmt"/>
      </file>
    </package>
    <package name="src.packages.select.src">
      <metrics statements="214" coveredstatements="214" conditionals="163" coveredconditionals="162" methods="74" coveredmethods="74"/>
      <file name="main.vue" path="/Users/xushijie/Desktop/myself/j-ui-library/src/packages/select/src/main.vue">
        <metrics statements="183" coveredstatements="183" conditionals="149" coveredconditionals="148" methods="57" coveredmethods="57"/>
        <line num="2" count="2" type="stmt"/>
        <line num="3" count="2" type="stmt"/>
        <line num="4" count="2" type="stmt"/>
        <line num="5" count="2" type="stmt"/>
        <line num="6" count="2" type="stmt"/>
        <line num="7" count="2" type="stmt"/>
        <line num="8" count="2" type="stmt"/>
        <line num="17" count="63" type="stmt"/>
        <line num="34" count="63" type="stmt"/>
        <line num="82" count="1" type="stmt"/>
        <line num="86" count="4" type="cond" truecount="4" falsecount="0"/>
        <line num="87" count="3" type="stmt"/>
        <line num="89" count="5" type="cond" truecount="2" falsecount="0"/>
        <line num="90" count="3" type="stmt"/>
        <line num="91" count="7" type="stmt"/>
        <line num="95" count="10" type="cond" truecount="2" falsecount="0"/>
        <line num="96" count="8" type="cond" truecount="4" falsecount="0"/>
        <line num="97" count="4" type="stmt"/>
        <line num="99" count="4" type="stmt"/>
        <line num="101" count="8" type="cond" truecount="2" falsecount="0"/>
        <line num="102" count="2" type="stmt"/>
        <line num="103" count="2" type="stmt"/>
        <line num="106" count="10" type="stmt"/>
        <line num="109" count="30" type="cond" truecount="2" falsecount="0"/>
        <line num="111" count="8" type="stmt"/>
        <line num="112" count="8" type="stmt"/>
        <line num="113" count="8" type="cond" truecount="2" falsecount="0"/>
        <line num="115" count="6" type="stmt"/>
        <line num="116" count="6" type="cond" truecount="2" falsecount="0"/>
        <line num="118" count="5" type="stmt"/>
        <line num="123" count="22" type="cond" truecount="2" falsecount="0"/>
        <line num="124" count="22" type="stmt"/>
        <line num="125" count="22" type="cond" truecount="2" falsecount="0"/>
        <line num="126" count="14" type="cond" truecount="2" falsecount="0"/>
        <line num="128" count="11" type="stmt"/>
        <line num="129" count="11" type="cond" truecount="2" falsecount="0"/>
        <line num="130" count="9" type="stmt"/>
        <line num="131" count="9" type="stmt"/>
        <line num="136" count="30" type="stmt"/>
        <line num="141" count="133" type="stmt"/>
        <line num="142" count="101" type="cond" truecount="5" falsecount="0"/>
        <line num="143" count="3" type="stmt"/>
        <line num="145" count="98" type="cond" truecount="7" falsecount="0"/>
        <line num="146" count="1" type="stmt"/>
        <line num="148" count="97" type="cond" truecount="2" falsecount="0"/>
        <line num="149" count="68" type="stmt"/>
        <line num="151" count="29" type="stmt"/>
        <line num="154" count="75" type="cond" truecount="5" falsecount="0"/>
        <line num="155" count="75" type="cond" truecount="4" falsecount="0"/>
        <line num="158" count="63" type="cond" truecount="2" falsecount="0"/>
        <line num="161" count="63" type="stmt"/>
        <line num="164" count="83" type="cond" truecount="3" falsecount="0"/>
        <line num="167" count="63" type="cond" truecount="2" falsecount="0"/>
        <line num="170" count="210" type="stmt"/>
        <line num="171" count="94" type="cond" truecount="4" falsecount="0"/>
        <line num="175" count="63" type="cond" truecount="5" falsecount="0"/>
        <line num="176" count="55" type="stmt"/>
        <line num="178" count="63" type="stmt"/>
        <line num="179" count="4" type="stmt"/>
        <line num="181" count="63" type="stmt"/>
        <line num="182" count="3" type="stmt"/>
        <line num="184" count="63" type="stmt"/>
        <line num="187" count="63" type="stmt"/>
        <line num="188" count="63" type="stmt"/>
        <line num="192" count="2" type="stmt"/>
        <line num="195" count="1" type="stmt"/>
        <line num="196" count="1" type="stmt"/>
        <line num="197" count="1" type="stmt"/>
        <line num="198" count="1" type="stmt"/>
        <line num="199" count="1" type="stmt"/>
        <line num="200" count="1" type="stmt"/>
        <line num="203" count="73" type="cond" truecount="2" falsecount="0"/>
        <line num="204" count="73" type="stmt"/>
        <line num="205" count="60" type="stmt"/>
        <line num="206" count="78" type="cond" truecount="2" falsecount="0"/>
        <line num="211" count="8" type="stmt"/>
        <line num="212" count="8" type="cond" truecount="2" falsecount="0"/>
        <line num="213" count="2" type="stmt"/>
        <line num="214" count="2" type="stmt"/>
        <line num="215" count="2" type="stmt"/>
        <line num="216" count="3" type="cond" truecount="2" falsecount="0"/>
        <line num="217" count="1" type="stmt"/>
        <line num="219" count="2" type="stmt"/>
        <line num="220" count="2" type="stmt"/>
        <line num="223" count="6" type="stmt"/>
        <line num="224" count="4" type="stmt"/>
        <line num="230" count="7" type="cond" truecount="2" falsecount="0"/>
        <line num="231" count="6" type="stmt"/>
        <line num="235" count="4" type="cond" truecount="2" falsecount="0"/>
        <line num="236" count="2" type="stmt"/>
        <line num="237" count="2" type="stmt"/>
        <line num="238" count="2" type="cond" truecount="2" falsecount="0"/>
        <line num="239" count="1" type="stmt"/>
        <line num="241" count="1" type="stmt"/>
        <line num="243" count="2" type="stmt"/>
        <line num="244" count="2" type="stmt"/>
        <line num="246" count="2" type="stmt"/>
        <line num="247" count="2" type="stmt"/>
        <line num="248" count="2" type="stmt"/>
        <line num="250" count="4" type="stmt"/>
        <line num="251" count="4" type="stmt"/>
        <line num="254" count="4" type="stmt"/>
        <line num="255" count="4" type="cond" truecount="2" falsecount="0"/>
        <line num="256" count="4" type="stmt"/>
        <line num="259" count="18" type="cond" truecount="2" falsecount="0"/>
        <line num="260" count="16" type="stmt"/>
        <line num="261" count="16" type="cond" truecount="2" falsecount="0"/>
        <line num="262" count="14" type="cond" truecount="2" falsecount="0"/>
        <line num="266" count="19" type="stmt"/>
        <line num="267" count="19" type="cond" truecount="2" falsecount="0"/>
        <line num="268" count="4" type="stmt"/>
        <line num="270" count="15" type="stmt"/>
        <line num="273" count="19" type="stmt"/>
        <line num="274" count="19" type="stmt"/>
        <line num="278" count="20" type="cond" truecount="2" falsecount="0"/>
        <line num="279" count="4" type="stmt"/>
        <line num="281" count="16" type="stmt"/>
        <line num="285" count="63" type="stmt"/>
        <line num="286" count="63" type="stmt"/>
        <line num="289" count="73" type="cond" truecount="2" falsecount="0"/>
        <line num="291" count="29" type="stmt"/>
        <line num="292" count="29" type="cond" truecount="2" falsecount="0"/>
        <line num="293" count="28" type="stmt"/>
        <line num="294" count="16" type="stmt"/>
        <line num="297" count="29" type="stmt"/>
        <line num="298" count="29" type="stmt"/>
        <line num="301" count="44" type="stmt"/>
        <line num="302" count="44" type="stmt"/>
        <line num="303" count="44" type="stmt"/>
        <line num="305" count="73" type="stmt"/>
        <line num="309" count="60" type="stmt"/>
        <line num="310" count="54" type="stmt"/>
        <line num="311" count="54" type="stmt"/>
        <line num="312" count="54" type="cond" truecount="2" falsecount="0"/>
        <line num="313" count="19" type="stmt"/>
        <line num="314" count="19" type="stmt"/>
        <line num="317" count="79" type="cond" truecount="2" falsecount="0"/>
        <line num="319" count="41" type="stmt"/>
        <line num="323" count="41" type="stmt"/>
        <line num="326" count="1" type="stmt"/>
        <line num="329" count="155" type="stmt"/>
        <line num="330" count="155" type="stmt"/>
        <line num="331" count="155" type="stmt"/>
        <line num="332" count="310" type="cond" truecount="2" falsecount="0"/>
        <line num="333" count="8" type="stmt"/>
        <line num="336" count="208" type="cond" truecount="2" falsecount="0"/>
        <line num="337" count="155" type="stmt"/>
        <line num="340" count="29" type="stmt"/>
        <line num="341" count="29" type="stmt"/>
        <line num="342" count="87" type="stmt"/>
        <line num="343" count="29" type="stmt"/>
        <line num="344" count="29" type="cond" truecount="2" falsecount="0"/>
        <line num="345" count="29" type="cond" truecount="2" falsecount="0"/>
        <line num="348" count="29" type="stmt"/>
        <line num="352" count="4" type="cond" truecount="4" falsecount="0"/>
        <line num="353" count="3" type="stmt"/>
        <line num="354" count="3" type="stmt"/>
        <line num="358" count="8" type="stmt"/>
        <line num="359" count="8" type="cond" truecount="4" falsecount="0"/>
        <line num="360" count="1" type="stmt"/>
        <line num="362" count="7" type="stmt"/>
        <line num="366" count="2" type="cond" truecount="2" falsecount="0"/>
        <line num="369" count="6" type="cond" truecount="2" falsecount="0"/>
        <line num="370" count="2" type="stmt"/>
        <line num="371" count="2" type="cond" truecount="2" falsecount="0"/>
        <line num="372" count="2" type="stmt"/>
        <line num="373" count="2" type="stmt"/>
        <line num="374" count="2" type="stmt"/>
        <line num="375" count="2" type="stmt"/>
        <line num="378" count="155" type="stmt"/>
        <line num="380" count="155" type="stmt"/>
        <line num="382" count="155" type="stmt"/>
        <line num="399" count="155" type="cond" truecount="2" falsecount="0"/>
        <line num="409" count="155" type="cond" truecount="2" falsecount="0"/>
        <line num="414" count="155" type="cond" truecount="2" falsecount="0"/>
        <line num="420" count="155" type="cond" truecount="8" falsecount="0"/>
        <line num="435" count="18" type="stmt"/>
        <line num="439" count="1" type="stmt"/>
        <line num="448" count="4" type="cond" truecount="1" falsecount="1"/>
        <line num="450" count="4" type="stmt"/>
        <line num="464" count="1" type="stmt"/>
        <line num="475" count="2" type="stmt"/>
        <line num="476" count="2" type="stmt"/>
      </file>
      <file name="option.vue" path="/Users/xushijie/Desktop/myself/j-ui-library/src/packages/select/src/option.vue">
        <metrics statements="17" coveredstatements="17" conditionals="10" coveredconditionals="10" methods="11" coveredmethods="11"/>
        <line num="2" count="2" type="stmt"/>
        <line num="18" count="51" type="stmt"/>
        <line num="25" count="51" type="cond" truecount="2" falsecount="0"/>
        <line num="28" count="51" type="cond" truecount="2" falsecount="0"/>
        <line num="31" count="76" type="cond" truecount="2" falsecount="0"/>
        <line num="32" count="49" type="stmt"/>
        <line num="34" count="27" type="stmt"/>
        <line num="40" count="16" type="cond" truecount="2" falsecount="0"/>
        <line num="43" count="4" type="stmt"/>
        <line num="46" count="3" type="stmt"/>
        <line num="49" count="94" type="stmt"/>
        <line num="51" count="94" type="stmt"/>
        <line num="53" count="94" type="cond" truecount="2" falsecount="0"/>
        <line num="60" count="102" type="stmt"/>
        <line num="72" count="51" type="stmt"/>
        <line num="73" count="51" type="stmt"/>
        <line num="76" count="2" type="stmt"/>
      </file>
      <file name="optionMenu.vue" path="/Users/xushijie/Desktop/myself/j-ui-library/src/packages/select/src/optionMenu.vue">
        <metrics statements="14" coveredstatements="14" conditionals="4" coveredconditionals="4" methods="6" coveredmethods="6"/>
        <line num="2" count="2" type="stmt"/>
        <line num="3" count="2" type="stmt"/>
        <line num="11" count="63" type="stmt"/>
        <line num="17" count="1" type="stmt"/>
        <line num="21" count="63" type="stmt"/>
        <line num="22" count="63" type="stmt"/>
        <line num="23" count="63" type="stmt"/>
        <line num="24" count="51" type="stmt"/>
        <line num="26" count="63" type="stmt"/>
        <line num="30" count="63" type="stmt"/>
        <line num="36" count="155" type="stmt"/>
        <line num="38" count="155" type="stmt"/>
        <line num="40" count="155" type="cond" truecount="2" falsecount="0"/>
        <line num="45" count="155" type="cond" truecount="2" falsecount="0"/>
      </file>
    </package>
    <package name="src.packages.tag">
      <metrics statements="2" coveredstatements="2" conditionals="0" coveredconditionals="0" methods="1" coveredmethods="1"/>
      <file name="index.js" path="/Users/xushijie/Desktop/myself/j-ui-library/src/packages/tag/index.js">
        <metrics statements="2" coveredstatements="2" conditionals="0" coveredconditionals="0" methods="1" coveredmethods="1"/>
        <line num="3" count="3" type="stmt"/>
        <line num="4" count="1" type="stmt"/>
      </file>
    </package>
    <package name="src.packages.tag.src">
      <metrics statements="12" coveredstatements="12" conditionals="10" coveredconditionals="10" methods="6" coveredmethods="6"/>
      <file name="main.vue" path="/Users/xushijie/Desktop/myself/j-ui-library/src/packages/tag/src/main.vue">
        <metrics statements="12" coveredstatements="12" conditionals="10" coveredconditionals="10" methods="6" coveredmethods="6"/>
        <line num="12" count="24" type="cond" truecount="2" falsecount="0"/>
        <line num="17" count="2" type="stmt"/>
        <line num="18" count="2" type="stmt"/>
        <line num="21" count="1" type="stmt"/>
        <line num="24" count="1" type="stmt"/>
        <line num="27" count="1" type="stmt"/>
        <line num="28" count="1" type="stmt"/>
        <line num="31" count="30" type="stmt"/>
        <line num="33" count="30" type="stmt"/>
        <line num="35" count="30" type="cond" truecount="2" falsecount="0"/>
        <line num="43" count="30" type="cond" truecount="4" falsecount="0"/>
        <line num="60" count="30" type="stmt"/>
      </file>
    </package>
    <package name="src.utils">
      <metrics statements="72" coveredstatements="72" conditionals="61" coveredconditionals="61" methods="18" coveredmethods="18"/>
      <file name="clickoutside.js" path="/Users/xushijie/Desktop/myself/j-ui-library/src/utils/clickoutside.js">
        <metrics statements="22" coveredstatements="22" conditionals="20" coveredconditionals="20" methods="7" coveredmethods="7"/>
        <line num="3" count="4" type="stmt"/>
        <line num="7" count="4" type="stmt"/>
        <line num="9" count="4" type="stmt"/>
        <line num="12" count="5" type="stmt"/>
        <line num="13" count="4" type="stmt"/>
        <line num="14" count="49" type="stmt"/>
        <line num="19" count="102" type="stmt"/>
        <line num="20" count="102" type="stmt"/>
        <line num="21" count="102" type="stmt"/>
        <line num="29" count="2" type="stmt"/>
        <line num="30" count="2" type="stmt"/>
        <line num="31" count="38" type="cond" truecount="2" falsecount="0"/>
        <line num="32" count="2" type="stmt"/>
        <line num="33" count="2" type="stmt"/>
        <line num="36" count="2" type="stmt"/>
        <line num="40" count="4" type="stmt"/>
        <line num="41" count="102" type="stmt"/>
        <line num="42" count="49" type="cond" truecount="2" falsecount="0"/>
        <line num="52" count="4" type="stmt"/>
        <line num="54" count="45" type="cond" truecount="5" falsecount="0"/>
        <line num="56" count="3" type="stmt"/>
        <line num="58" count="42" type="cond" truecount="2" falsecount="0"/>
      </file>
      <file name="utils.js" path="/Users/xushijie/Desktop/myself/j-ui-library/src/utils/utils.js">
        <metrics statements="50" coveredstatements="50" conditionals="41" coveredconditionals="41" methods="11" coveredmethods="11"/>
        <line num="2" count="6" type="stmt"/>
        <line num="3" count="6" type="cond" truecount="2" falsecount="0"/>
        <line num="4" count="6" type="stmt"/>
        <line num="5" count="6" type="stmt"/>
        <line num="6" count="6" type="stmt"/>
        <line num="7" count="6" type="stmt"/>
        <line num="8" count="10" type="stmt"/>
        <line num="9" count="10" type="cond" truecount="2" falsecount="0"/>
        <line num="10" count="9" type="cond" truecount="2" falsecount="0"/>
        <line num="11" count="5" type="stmt"/>
        <line num="12" count="5" type="stmt"/>
        <line num="14" count="4" type="stmt"/>
        <line num="16" count="6" type="stmt"/>
        <line num="21" count="6" type="stmt"/>
        <line num="22" count="13" type="stmt"/>
        <line num="26" count="6" type="stmt"/>
        <line num="27" count="13" type="stmt"/>
        <line num="31" count="6" type="stmt"/>
        <line num="32" count="13" type="stmt"/>
        <line num="37" count="6" type="stmt"/>
        <line num="38" count="1" type="stmt"/>
        <line num="42" count="6" type="stmt"/>
        <line num="43" count="180" type="stmt"/>
        <line num="45" count="18" type="stmt"/>
        <line num="46" count="18" type="stmt"/>
        <line num="48" count="15" type="stmt"/>
        <line num="50" count="18" type="cond" truecount="2" falsecount="0"/>
        <line num="51" count="5" type="stmt"/>
        <line num="53" count="18" type="stmt"/>
        <line num="55" count="180" type="stmt"/>
        <line num="59" count="6" type="stmt"/>
        <line num="60" count="36" type="cond" truecount="2" falsecount="0"/>
        <line num="61" count="34" type="cond" truecount="5" falsecount="0"/>
        <line num="62" count="33" type="stmt"/>
        <line num="65" count="2" type="cond" truecount="5" falsecount="0"/>
        <line num="66" count="1" type="stmt"/>
        <line num="72" count="6" type="stmt"/>
        <line num="73" count="6" type="cond" truecount="2" falsecount="0"/>
        <line num="74" count="4" type="cond" truecount="5" falsecount="0"/>
        <line num="75" count="1" type="stmt"/>
        <line num="78" count="2" type="cond" truecount="4" falsecount="0"/>
        <line num="79" count="1" type="stmt"/>
        <line num="86" count="6" type="stmt"/>
        <line num="87" count="22" type="cond" truecount="2" falsecount="0"/>
        <line num="88" count="15" type="cond" truecount="2" falsecount="0"/>
        <line num="89" count="9" type="cond" truecount="2" falsecount="0"/>
        <line num="90" count="8" type="cond" truecount="2" falsecount="0"/>
        <line num="91" count="3" type="stmt"/>
        <line num="92" count="9" type="cond" truecount="2" falsecount="0"/>
        <line num="94" count="2" type="stmt"/>
      </file>
    </package>
    <package name="tests">
      <metrics statements="8" coveredstatements="8" conditionals="0" coveredconditionals="0" methods="2" coveredmethods="2"/>
      <file name="util.js" path="/Users/xushijie/Desktop/myself/j-ui-library/tests/util.js">
        <metrics statements="8" coveredstatements="8" conditionals="0" coveredconditionals="0" methods="2" coveredmethods="2"/>
        <line num="1" count="1" type="stmt"/>
        <line num="2" count="7" type="stmt"/>
        <line num="3" count="7" type="stmt"/>
        <line num="7" count="1" type="stmt"/>
        <line num="8" count="14" type="stmt"/>
        <line num="9" count="14" type="stmt"/>
        <line num="10" count="14" type="stmt"/>
        <line num="11" count="14" type="stmt"/>
      </file>
    </package>
  </project>
</coverage>
