{"/Users/xushijie/Desktop/myself/j-ui-library/src/mixins/emitter.js": {"path":"/Users/xushijie/Desktop/myself/j-ui-library/src/mixins/emitter.js","statementMap":{"0":{"start":{"line":5,"column":12},"end":{"line":5,"column":63}},"1":{"start":{"line":9,"column":25},"end":{"line":9,"column":37}},"2":{"start":{"line":10,"column":23},"end":{"line":10,"column":43}},"3":{"start":{"line":11,"column":12},"end":{"line":16,"column":13}},"4":{"start":{"line":12,"column":16},"end":{"line":12,"column":39}},"5":{"start":{"line":13,"column":16},"end":{"line":15,"column":17}},"6":{"start":{"line":14,"column":20},"end":{"line":14,"column":47}},"7":{"start":{"line":17,"column":12},"end":{"line":19,"column":13}},"8":{"start":{"line":18,"column":16},"end":{"line":18,"column":69}},"9":{"start":{"line":26,"column":4},"end":{"line":33,"column":6}},"10":{"start":{"line":27,"column":19},"end":{"line":27,"column":38}},"11":{"start":{"line":28,"column":8},"end":{"line":32,"column":9}},"12":{"start":{"line":29,"column":12},"end":{"line":29,"column":41}},"13":{"start":{"line":31,"column":12},"end":{"line":31,"column":64}}},"fnMap":{"0":{"name":"(anonymous_0)","decl":{"start":{"line":4,"column":8},"end":{"line":4,"column":9}},"loc":{"start":{"line":4,"column":53},"end":{"line":6,"column":9}},"line":4},"1":{"name":"(anonymous_1)","decl":{"start":{"line":8,"column":8},"end":{"line":8,"column":9}},"loc":{"start":{"line":8,"column":52},"end":{"line":20,"column":9}},"line":8},"2":{"name":"broadcast","decl":{"start":{"line":25,"column":9},"end":{"line":25,"column":18}},"loc":{"start":{"line":25,"column":52},"end":{"line":34,"column":1}},"line":25},"3":{"name":"(anonymous_3)","decl":{"start":{"line":26,"column":27},"end":{"line":26,"column":28}},"loc":{"start":{"line":26,"column":36},"end":{"line":33,"column":5}},"line":26}},"branchMap":{"0":{"loc":{"start":{"line":11,"column":19},"end":{"line":11,"column":62}},"type":"binary-expr","locations":[{"start":{"line":11,"column":19},"end":{"line":11,"column":25}},{"start":{"line":11,"column":30},"end":{"line":11,"column":35}},{"start":{"line":11,"column":39},"end":{"line":11,"column":61}}],"line":11},"1":{"loc":{"start":{"line":13,"column":16},"end":{"line":15,"column":17}},"type":"if","locations":[{"start":{"line":13,"column":16},"end":{"line":15,"column":17}},{"start":{"line":13,"column":16},"end":{"line":15,"column":17}}],"line":13},"2":{"loc":{"start":{"line":17,"column":12},"end":{"line":19,"column":13}},"type":"if","locations":[{"start":{"line":17,"column":12},"end":{"line":19,"column":13}},{"start":{"line":17,"column":12},"end":{"line":19,"column":13}}],"line":17},"3":{"loc":{"start":{"line":28,"column":8},"end":{"line":32,"column":9}},"type":"if","locations":[{"start":{"line":28,"column":8},"end":{"line":32,"column":9}},{"start":{"line":28,"column":8},"end":{"line":32,"column":9}}],"line":28}},"s":{"0":78,"1":7,"2":7,"3":7,"4":10,"5":10,"6":9,"7":7,"8":6,"9":249,"10":242,"11":242,"12":71,"13":171},"f":{"0":78,"1":7,"2":249,"3":242},"b":{"0":[17,16,15],"1":[9,1],"2":[6,1],"3":[71,171]},"_coverageSchema":"43e27e138ebf9cfc5966b082cf9a028302ed4184","hash":"1473b917b7d34ae8c395e5ce3b37cb172dbb8ff3"}
,"/Users/xushijie/Desktop/myself/j-ui-library/src/mixins/vue-popper.js": {"path":"/Users/xushijie/Desktop/myself/j-ui-library/src/mixins/vue-popper.js","statementMap":{"0":{"start":{"line":7,"column":16},"end":{"line":12,"column":17}},"1":{"start":{"line":29,"column":8},"end":{"line":35,"column":9}},"2":{"start":{"line":40,"column":16},"end":{"line":40,"column":45}},"3":{"start":{"line":46,"column":12},"end":{"line":46,"column":75}},"4":{"start":{"line":47,"column":31},"end":{"line":47,"column":73}},"5":{"start":{"line":48,"column":12},"end":{"line":48,"column":69}},"6":{"start":{"line":48,"column":61},"end":{"line":48,"column":67}},"7":{"start":{"line":50,"column":30},"end":{"line":50,"column":51}},"8":{"start":{"line":51,"column":27},"end":{"line":51,"column":66}},"9":{"start":{"line":52,"column":12},"end":{"line":52,"column":49}},"10":{"start":{"line":52,"column":41},"end":{"line":52,"column":47}},"11":{"start":{"line":54,"column":12},"end":{"line":54,"column":63}},"12":{"start":{"line":54,"column":37},"end":{"line":54,"column":61}},"13":{"start":{"line":56,"column":12},"end":{"line":58,"column":13}},"14":{"start":{"line":57,"column":16},"end":{"line":57,"column":49}},"15":{"start":{"line":60,"column":12},"end":{"line":62,"column":13}},"16":{"start":{"line":61,"column":16},"end":{"line":61,"column":37}},"17":{"start":{"line":65,"column":28},"end":{"line":65,"column":30}},"18":{"start":{"line":66,"column":12},"end":{"line":66,"column":53}},"19":{"start":{"line":67,"column":12},"end":{"line":67,"column":34}},"20":{"start":{"line":68,"column":12},"end":{"line":68,"column":47}},"21":{"start":{"line":72,"column":12},"end":{"line":72,"column":68}},"22":{"start":{"line":74,"column":12},"end":{"line":74,"column":93}},"23":{"start":{"line":78,"column":27},"end":{"line":78,"column":38}},"24":{"start":{"line":79,"column":12},"end":{"line":83,"column":13}},"25":{"start":{"line":80,"column":16},"end":{"line":80,"column":31}},"26":{"start":{"line":82,"column":16},"end":{"line":82,"column":35}},"27":{"start":{"line":86,"column":12},"end":{"line":86,"column":40}},"28":{"start":{"line":86,"column":32},"end":{"line":86,"column":38}},"29":{"start":{"line":87,"column":12},"end":{"line":87,"column":33}},"30":{"start":{"line":88,"column":12},"end":{"line":88,"column":30}},"31":{"start":{"line":92,"column":26},"end":{"line":92,"column":55}},"32":{"start":{"line":94,"column":12},"end":{"line":94,"column":54}},"33":{"start":{"line":96,"column":12},"end":{"line":96,"column":46}},"34":{"start":{"line":98,"column":12},"end":{"line":98,"column":38}},"35":{"start":{"line":102,"column":8},"end":{"line":102,"column":28}},"36":{"start":{"line":103,"column":8},"end":{"line":105,"column":9}},"37":{"start":{"line":104,"column":12},"end":{"line":104,"column":57}}},"fnMap":{"0":{"name":"(anonymous_0)","decl":{"start":{"line":6,"column":12},"end":{"line":6,"column":13}},"loc":{"start":{"line":6,"column":23},"end":{"line":13,"column":13}},"line":6},"1":{"name":"(anonymous_1)","decl":{"start":{"line":28,"column":4},"end":{"line":28,"column":5}},"loc":{"start":{"line":28,"column":12},"end":{"line":36,"column":5}},"line":28},"2":{"name":"(anonymous_2)","decl":{"start":{"line":39,"column":21},"end":{"line":39,"column":22}},"loc":{"start":{"line":39,"column":39},"end":{"line":41,"column":13}},"line":39},"3":{"name":"(anonymous_3)","decl":{"start":{"line":45,"column":8},"end":{"line":45,"column":9}},"loc":{"start":{"line":45,"column":24},"end":{"line":76,"column":9}},"line":45},"4":{"name":"(anonymous_4)","decl":{"start":{"line":77,"column":8},"end":{"line":77,"column":9}},"loc":{"start":{"line":77,"column":24},"end":{"line":84,"column":9}},"line":77},"5":{"name":"(anonymous_5)","decl":{"start":{"line":85,"column":8},"end":{"line":85,"column":9}},"loc":{"start":{"line":85,"column":25},"end":{"line":89,"column":9}},"line":85},"6":{"name":"(anonymous_6)","decl":{"start":{"line":90,"column":8},"end":{"line":90,"column":9}},"loc":{"start":{"line":90,"column":30},"end":{"line":99,"column":9}},"line":90},"7":{"name":"(anonymous_7)","decl":{"start":{"line":101,"column":4},"end":{"line":101,"column":5}},"loc":{"start":{"line":101,"column":21},"end":{"line":106,"column":5}},"line":101}},"branchMap":{"0":{"loc":{"start":{"line":40,"column":16},"end":{"line":40,"column":45}},"type":"binary-expr","locations":[{"start":{"line":40,"column":16},"end":{"line":40,"column":22}},{"start":{"line":40,"column":26},"end":{"line":40,"column":45}}],"line":40},"1":{"loc":{"start":{"line":46,"column":36},"end":{"line":46,"column":75}},"type":"binary-expr","locations":[{"start":{"line":46,"column":36},"end":{"line":46,"column":57}},{"start":{"line":46,"column":61},"end":{"line":46,"column":75}}],"line":46},"2":{"loc":{"start":{"line":48,"column":12},"end":{"line":48,"column":69}},"type":"if","locations":[{"start":{"line":48,"column":12},"end":{"line":48,"column":69}},{"start":{"line":48,"column":12},"end":{"line":48,"column":69}}],"line":48},"3":{"loc":{"start":{"line":51,"column":27},"end":{"line":51,"column":66}},"type":"binary-expr","locations":[{"start":{"line":51,"column":27},"end":{"line":51,"column":45}},{"start":{"line":51,"column":49},"end":{"line":51,"column":66}}],"line":51},"4":{"loc":{"start":{"line":52,"column":12},"end":{"line":52,"column":49}},"type":"if","locations":[{"start":{"line":52,"column":12},"end":{"line":52,"column":49}},{"start":{"line":52,"column":12},"end":{"line":52,"column":49}}],"line":52},"5":{"loc":{"start":{"line":52,"column":16},"end":{"line":52,"column":37}},"type":"binary-expr","locations":[{"start":{"line":52,"column":16},"end":{"line":52,"column":23}},{"start":{"line":52,"column":27},"end":{"line":52,"column":37}}],"line":52},"6":{"loc":{"start":{"line":54,"column":12},"end":{"line":54,"column":63}},"type":"if","locations":[{"start":{"line":54,"column":12},"end":{"line":54,"column":63}},{"start":{"line":54,"column":12},"end":{"line":54,"column":63}}],"line":54},"7":{"loc":{"start":{"line":56,"column":12},"end":{"line":58,"column":13}},"type":"if","locations":[{"start":{"line":56,"column":12},"end":{"line":58,"column":13}},{"start":{"line":56,"column":12},"end":{"line":58,"column":13}}],"line":56},"8":{"loc":{"start":{"line":60,"column":12},"end":{"line":62,"column":13}},"type":"if","locations":[{"start":{"line":60,"column":12},"end":{"line":62,"column":13}},{"start":{"line":60,"column":12},"end":{"line":62,"column":13}}],"line":60},"9":{"loc":{"start":{"line":74,"column":61},"end":{"line":74,"column":93}},"type":"binary-expr","locations":[{"start":{"line":74,"column":61},"end":{"line":74,"column":85}},{"start":{"line":74,"column":89},"end":{"line":74,"column":93}}],"line":74},"10":{"loc":{"start":{"line":74,"column":62},"end":{"line":74,"column":77}},"type":"binary-expr","locations":[{"start":{"line":74,"column":62},"end":{"line":74,"column":71}},{"start":{"line":74,"column":75},"end":{"line":74,"column":77}}],"line":74},"11":{"loc":{"start":{"line":79,"column":12},"end":{"line":83,"column":13}},"type":"if","locations":[{"start":{"line":79,"column":12},"end":{"line":83,"column":13}},{"start":{"line":79,"column":12},"end":{"line":83,"column":13}}],"line":79},"12":{"loc":{"start":{"line":86,"column":12},"end":{"line":86,"column":40}},"type":"if","locations":[{"start":{"line":86,"column":12},"end":{"line":86,"column":40}},{"start":{"line":86,"column":12},"end":{"line":86,"column":40}}],"line":86},"13":{"loc":{"start":{"line":103,"column":8},"end":{"line":105,"column":9}},"type":"if","locations":[{"start":{"line":103,"column":8},"end":{"line":105,"column":9}},{"start":{"line":103,"column":8},"end":{"line":105,"column":9}}],"line":103},"14":{"loc":{"start":{"line":103,"column":12},"end":{"line":103,"column":81}},"type":"binary-expr","locations":[{"start":{"line":103,"column":12},"end":{"line":103,"column":30}},{"start":{"line":103,"column":34},"end":{"line":103,"column":81}}],"line":103}},"s":{"0":121,"1":121,"2":13,"3":54,"4":54,"5":54,"6":1,"7":53,"8":53,"9":53,"10":2,"11":51,"12":50,"13":51,"14":50,"15":51,"16":1,"17":51,"18":51,"19":51,"20":51,"21":51,"22":51,"23":72,"24":72,"25":29,"26":43,"27":3,"28":2,"29":1,"30":1,"31":50,"32":50,"33":50,"34":50,"35":3,"36":3,"37":1},"f":{"0":121,"1":121,"2":13,"3":54,"4":72,"5":3,"6":50,"7":3},"b":{"0":[13,8],"1":[54,54],"2":[1,53],"3":[53,5],"4":[2,51],"5":[53,52],"6":[50,1],"7":[50,1],"8":[1,50],"9":[51,51],"10":[51,51],"11":[29,43],"12":[2,1],"13":[1,2],"14":[3,2]},"_coverageSchema":"43e27e138ebf9cfc5966b082cf9a028302ed4184","hash":"de0e988338f2fa46aa4393e5dcf657bd71a601f3"}
,"/Users/xushijie/Desktop/myself/j-ui-library/src/packages/autocomplete/index.js": {"path":"/Users/xushijie/Desktop/myself/j-ui-library/src/packages/autocomplete/index.js","statementMap":{"0":{"start":{"line":3,"column":0},"end":{"line":5,"column":1}},"1":{"start":{"line":4,"column":4},"end":{"line":4,"column":52}}},"fnMap":{"0":{"name":"(anonymous_0)","decl":{"start":{"line":3,"column":24},"end":{"line":3,"column":25}},"loc":{"start":{"line":3,"column":39},"end":{"line":5,"column":1}},"line":3}},"branchMap":{},"s":{"0":2,"1":1},"f":{"0":1},"b":{},"_coverageSchema":"43e27e138ebf9cfc5966b082cf9a028302ed4184","hash":"54a158519847e4a4fa6502d8d0d277c8051a120d"}
,"/Users/xushijie/Desktop/myself/j-ui-library/src/packages/autocomplete/src/autocomplete-suggest.vue": {"path":"/Users/xushijie/Desktop/myself/j-ui-library/src/packages/autocomplete/src/autocomplete-suggest.vue","statementMap":{"0":{"start":{"line":2,"column":0},"end":{"line":2,"column":null}},"1":{"start":{"line":3,"column":0},"end":{"line":3,"column":null}},"2":{"start":{"line":13,"column":0},"end":{"line":13,"column":null}},"3":{"start":{"line":18,"column":0},"end":{"line":21,"column":null}},"4":{"start":{"line":19,"column":0},"end":{"line":19,"column":null}},"5":{"start":{"line":20,"column":0},"end":{"line":20,"column":null}},"6":{"start":{"line":23,"column":0},"end":{"line":23,"column":null}},"7":{"start":{"line":25,"column":0},"end":{"line":25,"column":null}},"8":{"start":{"line":27,"column":0},"end":{"line":27,"column":null}},"9":{"start":{"line":44,"column":0},"end":{"line":44,"column":null}},"10":{"start":{"line":45,"column":0},"end":{"line":45,"column":null}},"11":{"start":{"line":48,"column":0},"end":{"line":48,"column":null}}},"fnMap":{"0":{"name":"(anonymous_1)","decl":{"start":{"line":12,"column":0},"end":{"line":12,"column":null}},"loc":{"start":{"line":12,"column":0},"end":{"line":16,"column":null}}},"1":{"name":"(anonymous_2)","decl":{"start":{"line":17,"column":0},"end":{"line":17,"column":null}},"loc":{"start":{"line":17,"column":0},"end":{"line":22,"column":null}}},"2":{"name":"(anonymous_3)","decl":{"start":{"line":18,"column":0},"end":{"line":18,"column":null}},"loc":{"start":{"line":18,"column":0},"end":{"line":21,"column":null}}},"3":{"name":"(anonymous_4)","decl":{"start":{"line":23,"column":0},"end":{"line":23,"column":null}},"loc":{"start":{"line":23,"column":0},"end":{"line":42,"column":null}}},"4":{"name":"(anonymous_5)","decl":{"start":{"line":43,"column":0},"end":{"line":43,"column":null}},"loc":{"start":{"line":43,"column":0},"end":{"line":46,"column":null}}},"5":{"name":"(anonymous_6)","decl":{"start":{"line":47,"column":0},"end":{"line":47,"column":null}},"loc":{"start":{"line":47,"column":0},"end":{"line":49,"column":null}}}},"branchMap":{"0":{"loc":{"start":{"line":27,"column":0},"end":{"line":27,"column":null}},"type":"binary-expr","locations":[{"start":{"line":27,"column":0},"end":{"line":27,"column":null}},{"start":{"line":27,"column":0},"end":{"line":27,"column":null}}]},"1":{"loc":{"start":{"line":48,"column":0},"end":{"line":48,"column":null}},"type":"binary-expr","locations":[{"start":{"line":48,"column":0},"end":{"line":48,"column":null}},{"start":{"line":48,"column":0},"end":{"line":48,"column":null}}]}},"s":{"0":2,"1":2,"2":34,"3":34,"4":8,"5":8,"6":47,"7":47,"8":47,"9":34,"10":34,"11":13},"f":{"0":34,"1":34,"2":8,"3":47,"4":34,"5":13},"b":{"0":[47,11],"1":[13,8]}}
,"/Users/xushijie/Desktop/myself/j-ui-library/src/packages/autocomplete/src/main.vue": {"path":"/Users/xushijie/Desktop/myself/j-ui-library/src/packages/autocomplete/src/main.vue","statementMap":{"0":{"start":{"line":2,"column":0},"end":{"line":2,"column":null}},"1":{"start":{"line":3,"column":0},"end":{"line":3,"column":null}},"2":{"start":{"line":4,"column":0},"end":{"line":4,"column":null}},"3":{"start":{"line":5,"column":0},"end":{"line":5,"column":null}},"4":{"start":{"line":6,"column":0},"end":{"line":6,"column":null}},"5":{"start":{"line":16,"column":0},"end":{"line":16,"column":null}},"6":{"start":{"line":66,"column":0},"end":{"line":66,"column":null}},"7":{"start":{"line":69,"column":0},"end":{"line":69,"column":null}},"8":{"start":{"line":70,"column":0},"end":{"line":70,"column":null}},"9":{"start":{"line":71,"column":0},"end":{"line":71,"column":null}},"10":{"start":{"line":76,"column":0},"end":{"line":76,"column":null}},"11":{"start":{"line":77,"column":0},"end":{"line":77,"column":null}},"12":{"start":{"line":82,"column":0},"end":{"line":88,"column":null}},"13":{"start":{"line":83,"column":0},"end":{"line":87,"column":null}},"14":{"start":{"line":84,"column":0},"end":{"line":84,"column":null}},"15":{"start":{"line":86,"column":0},"end":{"line":86,"column":null}},"16":{"start":{"line":91,"column":0},"end":{"line":91,"column":null}},"17":{"start":{"line":92,"column":0},"end":{"line":92,"column":null}},"18":{"start":{"line":93,"column":0},"end":{"line":97,"column":null}},"19":{"start":{"line":94,"column":0},"end":{"line":96,"column":null}},"20":{"start":{"line":95,"column":0},"end":{"line":95,"column":null}},"21":{"start":{"line":98,"column":0},"end":{"line":98,"column":null}},"22":{"start":{"line":101,"column":0},"end":{"line":101,"column":null}},"23":{"start":{"line":102,"column":0},"end":{"line":102,"column":null}},"24":{"start":{"line":105,"column":0},"end":{"line":105,"column":null}},"25":{"start":{"line":106,"column":0},"end":{"line":106,"column":null}},"26":{"start":{"line":109,"column":0},"end":{"line":109,"column":null}},"27":{"start":{"line":112,"column":0},"end":{"line":112,"column":null}},"28":{"start":{"line":115,"column":0},"end":{"line":115,"column":null}},"29":{"start":{"line":116,"column":0},"end":{"line":116,"column":null}},"30":{"start":{"line":117,"column":0},"end":{"line":119,"column":null}},"31":{"start":{"line":118,"column":0},"end":{"line":118,"column":null}},"32":{"start":{"line":122,"column":0},"end":{"line":122,"column":null}},"33":{"start":{"line":126,"column":0},"end":{"line":126,"column":null}},"34":{"start":{"line":129,"column":0},"end":{"line":129,"column":null}},"35":{"start":{"line":131,"column":0},"end":{"line":131,"column":null}},"36":{"start":{"line":134,"column":0},"end":{"line":134,"column":null}},"37":{"start":{"line":136,"column":0},"end":{"line":136,"column":null}},"38":{"start":{"line":147,"column":0},"end":{"line":147,"column":null}},"39":{"start":{"line":155,"column":0},"end":{"line":187,"column":null}},"40":{"start":{"line":181,"column":0},"end":{"line":181,"column":null}},"41":{"start":{"line":184,"column":0},"end":{"line":184,"column":null}}},"fnMap":{"0":{"name":"(anonymous_1)","decl":{"start":{"line":15,"column":0},"end":{"line":15,"column":null}},"loc":{"start":{"line":15,"column":0},"end":{"line":20,"column":null}}},"1":{"name":"(anonymous_2)","decl":{"start":{"line":65,"column":0},"end":{"line":65,"column":null}},"loc":{"start":{"line":65,"column":0},"end":{"line":67,"column":null}}},"2":{"name":"(anonymous_3)","decl":{"start":{"line":68,"column":0},"end":{"line":68,"column":null}},"loc":{"start":{"line":68,"column":0},"end":{"line":72,"column":null}}},"3":{"name":"(anonymous_4)","decl":{"start":{"line":75,"column":0},"end":{"line":75,"column":null}},"loc":{"start":{"line":75,"column":0},"end":{"line":78,"column":null}}},"4":{"name":"(anonymous_5)","decl":{"start":{"line":81,"column":0},"end":{"line":81,"column":null}},"loc":{"start":{"line":81,"column":0},"end":{"line":89,"column":null}}},"5":{"name":"(anonymous_6)","decl":{"start":{"line":82,"column":0},"end":{"line":82,"column":null}},"loc":{"start":{"line":82,"column":0},"end":{"line":88,"column":null}}},"6":{"name":"(anonymous_7)","decl":{"start":{"line":90,"column":0},"end":{"line":90,"column":null}},"loc":{"start":{"line":90,"column":0},"end":{"line":99,"column":null}}},"7":{"name":"(anonymous_8)","decl":{"start":{"line":95,"column":0},"end":{"line":95,"column":null}},"loc":{"start":{"line":95,"column":0},"end":{"line":95,"column":null}}},"8":{"name":"(anonymous_9)","decl":{"start":{"line":100,"column":0},"end":{"line":100,"column":null}},"loc":{"start":{"line":100,"column":0},"end":{"line":103,"column":null}}},"9":{"name":"(anonymous_10)","decl":{"start":{"line":104,"column":0},"end":{"line":104,"column":null}},"loc":{"start":{"line":104,"column":0},"end":{"line":107,"column":null}}},"10":{"name":"(anonymous_11)","decl":{"start":{"line":108,"column":0},"end":{"line":108,"column":null}},"loc":{"start":{"line":108,"column":0},"end":{"line":110,"column":null}}},"11":{"name":"(anonymous_12)","decl":{"start":{"line":111,"column":0},"end":{"line":111,"column":null}},"loc":{"start":{"line":111,"column":0},"end":{"line":113,"column":null}}},"12":{"name":"(anonymous_13)","decl":{"start":{"line":114,"column":0},"end":{"line":114,"column":null}},"loc":{"start":{"line":114,"column":0},"end":{"line":120,"column":null}}},"13":{"name":"(anonymous_14)","decl":{"start":{"line":117,"column":0},"end":{"line":117,"column":null}},"loc":{"start":{"line":117,"column":0},"end":{"line":119,"column":null}}},"14":{"name":"(anonymous_15)","decl":{"start":{"line":121,"column":0},"end":{"line":121,"column":null}},"loc":{"start":{"line":121,"column":0},"end":{"line":123,"column":null}}},"15":{"name":"(anonymous_16)","decl":{"start":{"line":125,"column":0},"end":{"line":125,"column":null}},"loc":{"start":{"line":125,"column":0},"end":{"line":127,"column":null}}},"16":{"name":"(anonymous_17)","decl":{"start":{"line":128,"column":0},"end":{"line":128,"column":null}},"loc":{"start":{"line":128,"column":0},"end":{"line":130,"column":null}}},"17":{"name":"(anonymous_18)","decl":{"start":{"line":131,"column":0},"end":{"line":131,"column":null}},"loc":{"start":{"line":131,"column":0},"end":{"line":193,"column":null}}},"18":{"name":"(anonymous_19)","decl":{"start":{"line":155,"column":0},"end":{"line":155,"column":null}},"loc":{"start":{"line":155,"column":0},"end":{"line":187,"column":null}}},"19":{"name":"(anonymous_20)","decl":{"start":{"line":181,"column":0},"end":{"line":181,"column":null}},"loc":{"start":{"line":181,"column":0},"end":{"line":184,"column":null}}}},"branchMap":{"0":{"loc":{"start":{"line":66,"column":0},"end":{"line":66,"column":null}},"type":"binary-expr","locations":[{"start":{"line":66,"column":0},"end":{"line":66,"column":null}},{"start":{"line":66,"column":0},"end":{"line":66,"column":null}}]},"1":{"loc":{"start":{"line":70,"column":0},"end":{"line":70,"column":null}},"type":"binary-expr","locations":[{"start":{"line":70,"column":0},"end":{"line":70,"column":null}},{"start":{"line":70,"column":0},"end":{"line":70,"column":null}}]},"2":{"loc":{"start":{"line":71,"column":0},"end":{"line":71,"column":null}},"type":"binary-expr","locations":[{"start":{"line":71,"column":0},"end":{"line":71,"column":null}},{"start":{"line":71,"column":0},"end":{"line":71,"column":null}}]},"3":{"loc":{"start":{"line":83,"column":0},"end":{"line":87,"column":null}},"type":"if","locations":[{"start":{"line":83,"column":0},"end":{"line":87,"column":null}},{"start":{"line":83,"column":0},"end":{"line":87,"column":null}}]},"4":{"loc":{"start":{"line":94,"column":0},"end":{"line":96,"column":null}},"type":"if","locations":[{"start":{"line":94,"column":0},"end":{"line":96,"column":null}},{"start":{"line":94,"column":0},"end":{"line":96,"column":null}}]},"5":{"loc":{"start":{"line":147,"column":0},"end":{"line":147,"column":null}},"type":"cond-expr","locations":[{"start":{"line":147,"column":0},"end":{"line":147,"column":null}},{"start":{"line":147,"column":0},"end":{"line":147,"column":null}}]}},"s":{"0":2,"1":2,"2":2,"3":2,"4":2,"5":34,"6":34,"7":47,"8":47,"9":47,"10":8,"11":8,"12":3,"13":3,"14":2,"15":1,"16":43,"17":43,"18":43,"19":172,"20":12,"21":43,"22":2,"23":2,"24":3,"25":3,"26":1,"27":42,"28":2,"29":2,"30":2,"31":2,"32":34,"33":34,"34":1,"35":43,"36":43,"37":43,"38":43,"39":43,"40":7,"41":2},"f":{"0":34,"1":34,"2":47,"3":8,"4":3,"5":3,"6":43,"7":8,"8":2,"9":3,"10":1,"11":42,"12":2,"13":2,"14":34,"15":34,"16":1,"17":43,"18":7,"19":2},"b":{"0":[66,64],"1":[47,47],"2":[47,11],"3":[2,1],"4":[4,168],"5":[4,39]}}
,"/Users/xushijie/Desktop/myself/j-ui-library/src/packages/bubble/index.js": {"path":"/Users/xushijie/Desktop/myself/j-ui-library/src/packages/bubble/index.js","statementMap":{"0":{"start":{"line":4,"column":0},"end":{"line":6,"column":1}},"1":{"start":{"line":5,"column":4},"end":{"line":5,"column":40}}},"fnMap":{"0":{"name":"(anonymous_0)","decl":{"start":{"line":4,"column":18},"end":{"line":4,"column":19}},"loc":{"start":{"line":4,"column":33},"end":{"line":6,"column":1}},"line":4}},"branchMap":{},"s":{"0":2,"1":1},"f":{"0":1},"b":{},"_coverageSchema":"43e27e138ebf9cfc5966b082cf9a028302ed4184","hash":"baf714ef05bba628b5ded2711d3db7581cf9beb7"}
,"/Users/xushijie/Desktop/myself/j-ui-library/src/packages/bubble/src/main.vue": {"path":"/Users/xushijie/Desktop/myself/j-ui-library/src/packages/bubble/src/main.vue","statementMap":{"0":{"start":{"line":2,"column":0},"end":{"line":2,"column":null}},"1":{"start":{"line":3,"column":0},"end":{"line":3,"column":null}},"2":{"start":{"line":9,"column":0},"end":{"line":9,"column":null}},"3":{"start":{"line":23,"column":0},"end":{"line":23,"column":null}},"4":{"start":{"line":27,"column":0},"end":{"line":27,"column":null}},"5":{"start":{"line":28,"column":0},"end":{"line":28,"column":null}},"6":{"start":{"line":29,"column":0},"end":{"line":29,"column":null}},"7":{"start":{"line":32,"column":0},"end":{"line":32,"column":null}},"8":{"start":{"line":33,"column":0},"end":{"line":33,"column":null}},"9":{"start":{"line":34,"column":0},"end":{"line":34,"column":null}},"10":{"start":{"line":35,"column":0},"end":{"line":35,"column":null}},"11":{"start":{"line":36,"column":0},"end":{"line":36,"column":null}},"12":{"start":{"line":37,"column":0},"end":{"line":37,"column":null}},"13":{"start":{"line":40,"column":0},"end":{"line":40,"column":null}},"14":{"start":{"line":44,"column":0},"end":{"line":44,"column":null}},"15":{"start":{"line":47,"column":0},"end":{"line":47,"column":null}},"16":{"start":{"line":50,"column":0},"end":{"line":50,"column":null}},"17":{"start":{"line":53,"column":0},"end":{"line":53,"column":null}},"18":{"start":{"line":54,"column":0},"end":{"line":54,"column":null}},"19":{"start":{"line":57,"column":0},"end":{"line":57,"column":null}},"20":{"start":{"line":58,"column":0},"end":{"line":58,"column":null}},"21":{"start":{"line":61,"column":0},"end":{"line":61,"column":null}},"22":{"start":{"line":62,"column":0},"end":{"line":62,"column":null}},"23":{"start":{"line":65,"column":0},"end":{"line":65,"column":null}},"24":{"start":{"line":66,"column":0},"end":{"line":66,"column":null}},"25":{"start":{"line":67,"column":0},"end":{"line":71,"column":null}},"26":{"start":{"line":67,"column":0},"end":{"line":67,"column":null}},"27":{"start":{"line":68,"column":0},"end":{"line":70,"column":null}},"28":{"start":{"line":69,"column":0},"end":{"line":69,"column":null}},"29":{"start":{"line":72,"column":0},"end":{"line":72,"column":null}},"30":{"start":{"line":75,"column":0},"end":{"line":75,"column":null}},"31":{"start":{"line":78,"column":0},"end":{"line":78,"column":null}},"32":{"start":{"line":79,"column":0},"end":{"line":79,"column":null}},"33":{"start":{"line":81,"column":0},"end":{"line":81,"column":null}},"34":{"start":{"line":84,"column":0},"end":{"line":84,"column":null}},"35":{"start":{"line":91,"column":0},"end":{"line":91,"column":null}},"36":{"start":{"line":108,"column":0},"end":{"line":108,"column":null}}},"fnMap":{"0":{"name":"(anonymous_1)","decl":{"start":{"line":8,"column":0},"end":{"line":8,"column":null}},"loc":{"start":{"line":8,"column":0},"end":{"line":12,"column":null}}},"1":{"name":"(anonymous_2)","decl":{"start":{"line":22,"column":0},"end":{"line":22,"column":null}},"loc":{"start":{"line":22,"column":0},"end":{"line":24,"column":null}}},"2":{"name":"(anonymous_3)","decl":{"start":{"line":26,"column":0},"end":{"line":26,"column":null}},"loc":{"start":{"line":26,"column":0},"end":{"line":30,"column":null}}},"3":{"name":"(anonymous_4)","decl":{"start":{"line":31,"column":0},"end":{"line":31,"column":null}},"loc":{"start":{"line":31,"column":0},"end":{"line":38,"column":null}}},"4":{"name":"(anonymous_5)","decl":{"start":{"line":39,"column":0},"end":{"line":39,"column":null}},"loc":{"start":{"line":39,"column":0},"end":{"line":41,"column":null}}},"5":{"name":"(anonymous_6)","decl":{"start":{"line":43,"column":0},"end":{"line":43,"column":null}},"loc":{"start":{"line":43,"column":0},"end":{"line":45,"column":null}}},"6":{"name":"(anonymous_7)","decl":{"start":{"line":46,"column":0},"end":{"line":46,"column":null}},"loc":{"start":{"line":46,"column":0},"end":{"line":48,"column":null}}},"7":{"name":"(anonymous_8)","decl":{"start":{"line":49,"column":0},"end":{"line":49,"column":null}},"loc":{"start":{"line":49,"column":0},"end":{"line":51,"column":null}}},"8":{"name":"(anonymous_9)","decl":{"start":{"line":52,"column":0},"end":{"line":52,"column":null}},"loc":{"start":{"line":52,"column":0},"end":{"line":55,"column":null}}},"9":{"name":"(anonymous_10)","decl":{"start":{"line":56,"column":0},"end":{"line":56,"column":null}},"loc":{"start":{"line":56,"column":0},"end":{"line":59,"column":null}}},"10":{"name":"(anonymous_11)","decl":{"start":{"line":60,"column":0},"end":{"line":60,"column":null}},"loc":{"start":{"line":60,"column":0},"end":{"line":63,"column":null}}},"11":{"name":"(anonymous_12)","decl":{"start":{"line":64,"column":0},"end":{"line":64,"column":null}},"loc":{"start":{"line":64,"column":0},"end":{"line":73,"column":null}}},"12":{"name":"(anonymous_13)","decl":{"start":{"line":75,"column":0},"end":{"line":75,"column":null}},"loc":{"start":{"line":75,"column":0},"end":{"line":109,"column":null}}}},"branchMap":{"0":{"loc":{"start":{"line":23,"column":0},"end":{"line":23,"column":null}},"type":"binary-expr","locations":[{"start":{"line":23,"column":0},"end":{"line":23,"column":null}},{"start":{"line":23,"column":0},"end":{"line":23,"column":null}}]},"1":{"loc":{"start":{"line":32,"column":0},"end":{"line":32,"column":null}},"type":"if","locations":[{"start":{"line":32,"column":0},"end":{"line":32,"column":null}},{"start":{"line":32,"column":0},"end":{"line":32,"column":null}}]},"2":{"loc":{"start":{"line":33,"column":0},"end":{"line":33,"column":null}},"type":"if","locations":[{"start":{"line":33,"column":0},"end":{"line":33,"column":null}},{"start":{"line":33,"column":0},"end":{"line":33,"column":null}}]},"3":{"loc":{"start":{"line":40,"column":0},"end":{"line":40,"column":null}},"type":"binary-expr","locations":[{"start":{"line":40,"column":0},"end":{"line":40,"column":null}},{"start":{"line":40,"column":0},"end":{"line":40,"column":null}}]},"4":{"loc":{"start":{"line":53,"column":0},"end":{"line":53,"column":null}},"type":"if","locations":[{"start":{"line":53,"column":0},"end":{"line":53,"column":null}},{"start":{"line":53,"column":0},"end":{"line":53,"column":null}}]},"5":{"loc":{"start":{"line":68,"column":0},"end":{"line":70,"column":null}},"type":"if","locations":[{"start":{"line":68,"column":0},"end":{"line":70,"column":null}},{"start":{"line":68,"column":0},"end":{"line":70,"column":null}}]},"6":{"loc":{"start":{"line":68,"column":0},"end":{"line":68,"column":null}},"type":"binary-expr","locations":[{"start":{"line":68,"column":0},"end":{"line":68,"column":null}},{"start":{"line":68,"column":0},"end":{"line":68,"column":null}}]},"7":{"loc":{"start":{"line":78,"column":0},"end":{"line":78,"column":null}},"type":"if","locations":[{"start":{"line":78,"column":0},"end":{"line":78,"column":null}},{"start":{"line":78,"column":0},"end":{"line":78,"column":null}}]},"8":{"loc":{"start":{"line":79,"column":0},"end":{"line":79,"column":null}},"type":"if","locations":[{"start":{"line":79,"column":0},"end":{"line":79,"column":null}},{"start":{"line":79,"column":0},"end":{"line":79,"column":null}}]},"9":{"loc":{"start":{"line":84,"column":0},"end":{"line":84,"column":null}},"type":"cond-expr","locations":[{"start":{"line":84,"column":0},"end":{"line":84,"column":null}},{"start":{"line":84,"column":0},"end":{"line":84,"column":null}}]},"10":{"loc":{"start":{"line":91,"column":0},"end":{"line":91,"column":null}},"type":"cond-expr","locations":[{"start":{"line":91,"column":0},"end":{"line":91,"column":null}},{"start":{"line":91,"column":0},"end":{"line":91,"column":null}}]}},"s":{"0":2,"1":2,"2":14,"3":12,"4":1,"5":1,"6":1,"7":15,"8":14,"9":12,"10":12,"11":12,"12":12,"13":5,"14":1,"15":1,"16":10,"17":7,"18":3,"19":5,"20":5,"21":5,"22":5,"23":48,"24":48,"25":48,"26":48,"27":48,"28":46,"29":48,"30":19,"31":20,"32":19,"33":17,"34":17,"35":17,"36":17},"f":{"0":14,"1":12,"2":1,"3":14,"4":5,"5":1,"6":1,"7":10,"8":5,"9":5,"10":5,"11":48,"12":19},"b":{"0":[22,20],"1":[1,13],"2":[1,12],"3":[5,5],"4":[2,3],"5":[46,2],"6":[48,48],"7":[1,18],"8":[1,17],"9":[2,15],"10":[1,16]}}
,"/Users/xushijie/Desktop/myself/j-ui-library/src/packages/button/index.js": {"path":"/Users/xushijie/Desktop/myself/j-ui-library/src/packages/button/index.js","statementMap":{"0":{"start":{"line":3,"column":0},"end":{"line":5,"column":1}},"1":{"start":{"line":4,"column":4},"end":{"line":4,"column":40}}},"fnMap":{"0":{"name":"(anonymous_0)","decl":{"start":{"line":3,"column":18},"end":{"line":3,"column":19}},"loc":{"start":{"line":3,"column":33},"end":{"line":5,"column":1}},"line":3}},"branchMap":{},"s":{"0":2,"1":1},"f":{"0":1},"b":{},"_coverageSchema":"43e27e138ebf9cfc5966b082cf9a028302ed4184","hash":"3b9f3c3f29fd2158ef1ae138896e94194e9bfe96"}
,"/Users/xushijie/Desktop/myself/j-ui-library/src/packages/button/src/main.vue": {"path":"/Users/xushijie/Desktop/myself/j-ui-library/src/packages/button/src/main.vue","statementMap":{"0":{"start":{"line":12,"column":0},"end":{"line":12,"column":null}},"1":{"start":{"line":17,"column":0},"end":{"line":17,"column":null}},"2":{"start":{"line":20,"column":0},"end":{"line":20,"column":null}},"3":{"start":{"line":22,"column":0},"end":{"line":22,"column":null}},"4":{"start":{"line":24,"column":0},"end":{"line":24,"column":null}},"5":{"start":{"line":31,"column":0},"end":{"line":38,"column":null}},"6":{"start":{"line":47,"column":0},"end":{"line":47,"column":null}}},"fnMap":{"0":{"name":"(anonymous_1)","decl":{"start":{"line":11,"column":0},"end":{"line":11,"column":null}},"loc":{"start":{"line":11,"column":0},"end":{"line":13,"column":null}}},"1":{"name":"(anonymous_2)","decl":{"start":{"line":16,"column":0},"end":{"line":16,"column":null}},"loc":{"start":{"line":16,"column":0},"end":{"line":18,"column":null}}},"2":{"name":"(anonymous_3)","decl":{"start":{"line":20,"column":0},"end":{"line":20,"column":null}},"loc":{"start":{"line":20,"column":0},"end":{"line":48,"column":null}}}},"branchMap":{"0":{"loc":{"start":{"line":12,"column":0},"end":{"line":12,"column":null}},"type":"binary-expr","locations":[{"start":{"line":12,"column":0},"end":{"line":12,"column":null}},{"start":{"line":12,"column":0},"end":{"line":12,"column":null}}]},"1":{"loc":{"start":{"line":24,"column":0},"end":{"line":24,"column":null}},"type":"cond-expr","locations":[{"start":{"line":24,"column":0},"end":{"line":24,"column":null}},{"start":{"line":24,"column":0},"end":{"line":24,"column":null}}]},"2":{"loc":{"start":{"line":31,"column":0},"end":{"line":38,"column":null}},"type":"cond-expr","locations":[{"start":{"line":31,"column":0},"end":{"line":38,"column":null}},{"start":{"line":38,"column":0},"end":{"line":38,"column":null}}]}},"s":{"0":9,"1":1,"2":9,"3":9,"4":9,"5":9,"6":9},"f":{"0":9,"1":1,"2":9},"b":{"0":[16,14],"1":[4,23],"2":[3,6]}}
,"/Users/xushijie/Desktop/myself/j-ui-library/src/packages/card/index.js": {"path":"/Users/xushijie/Desktop/myself/j-ui-library/src/packages/card/index.js","statementMap":{"0":{"start":{"line":3,"column":0},"end":{"line":5,"column":1}},"1":{"start":{"line":4,"column":4},"end":{"line":4,"column":36}}},"fnMap":{"0":{"name":"(anonymous_0)","decl":{"start":{"line":3,"column":16},"end":{"line":3,"column":17}},"loc":{"start":{"line":3,"column":31},"end":{"line":5,"column":1}},"line":3}},"branchMap":{},"s":{"0":2,"1":1},"f":{"0":1},"b":{},"_coverageSchema":"43e27e138ebf9cfc5966b082cf9a028302ed4184","hash":"6d0cb90d6f07bb67de5662d0e85efaf84a5746b6"}
,"/Users/xushijie/Desktop/myself/j-ui-library/src/packages/card/src/main.vue": {"path":"/Users/xushijie/Desktop/myself/j-ui-library/src/packages/card/src/main.vue","statementMap":{"0":{"start":{"line":18,"column":0},"end":{"line":18,"column":null}},"1":{"start":{"line":23,"column":0},"end":{"line":23,"column":null}},"2":{"start":{"line":26,"column":0},"end":{"line":26,"column":null}},"3":{"start":{"line":29,"column":0},"end":{"line":29,"column":null}},"4":{"start":{"line":31,"column":0},"end":{"line":31,"column":null}},"5":{"start":{"line":33,"column":0},"end":{"line":33,"column":null}},"6":{"start":{"line":40,"column":0},"end":{"line":40,"column":null}},"7":{"start":{"line":48,"column":0},"end":{"line":48,"column":null}},"8":{"start":{"line":52,"column":0},"end":{"line":52,"column":null}},"9":{"start":{"line":60,"column":0},"end":{"line":60,"column":null}},"10":{"start":{"line":77,"column":0},"end":{"line":102,"column":null}},"11":{"start":{"line":111,"column":0},"end":{"line":111,"column":null}}},"fnMap":{"0":{"name":"(anonymous_1)","decl":{"start":{"line":17,"column":0},"end":{"line":17,"column":null}},"loc":{"start":{"line":17,"column":0},"end":{"line":19,"column":null}}},"1":{"name":"(anonymous_2)","decl":{"start":{"line":22,"column":0},"end":{"line":22,"column":null}},"loc":{"start":{"line":22,"column":0},"end":{"line":24,"column":null}}},"2":{"name":"(anonymous_3)","decl":{"start":{"line":25,"column":0},"end":{"line":25,"column":null}},"loc":{"start":{"line":25,"column":0},"end":{"line":27,"column":null}}},"3":{"name":"(anonymous_4)","decl":{"start":{"line":29,"column":0},"end":{"line":29,"column":null}},"loc":{"start":{"line":29,"column":0},"end":{"line":112,"column":null}}}},"branchMap":{"0":{"loc":{"start":{"line":18,"column":0},"end":{"line":18,"column":null}},"type":"binary-expr","locations":[{"start":{"line":18,"column":0},"end":{"line":18,"column":null}},{"start":{"line":18,"column":0},"end":{"line":18,"column":null}}]},"1":{"loc":{"start":{"line":33,"column":0},"end":{"line":33,"column":null}},"type":"cond-expr","locations":[{"start":{"line":33,"column":0},"end":{"line":33,"column":null}},{"start":{"line":33,"column":0},"end":{"line":33,"column":null}}]},"2":{"loc":{"start":{"line":40,"column":0},"end":{"line":40,"column":null}},"type":"cond-expr","locations":[{"start":{"line":40,"column":0},"end":{"line":40,"column":null}},{"start":{"line":40,"column":0},"end":{"line":40,"column":null}}]},"3":{"loc":{"start":{"line":48,"column":0},"end":{"line":48,"column":null}},"type":"cond-expr","locations":[{"start":{"line":48,"column":0},"end":{"line":48,"column":null}},{"start":{"line":48,"column":0},"end":{"line":48,"column":null}}]},"4":{"loc":{"start":{"line":52,"column":0},"end":{"line":52,"column":null}},"type":"cond-expr","locations":[{"start":{"line":52,"column":0},"end":{"line":52,"column":null}},{"start":{"line":52,"column":0},"end":{"line":52,"column":null}}]},"5":{"loc":{"start":{"line":60,"column":0},"end":{"line":60,"column":null}},"type":"binary-expr","locations":[{"start":{"line":60,"column":0},"end":{"line":60,"column":null}},{"start":{"line":60,"column":0},"end":{"line":62,"column":null}}]},"6":{"loc":{"start":{"line":60,"column":0},"end":{"line":60,"column":null}},"type":"cond-expr","locations":[{"start":{"line":60,"column":0},"end":{"line":60,"column":null}},{"start":{"line":60,"column":0},"end":{"line":60,"column":null}}]},"7":{"loc":{"start":{"line":77,"column":0},"end":{"line":77,"column":null}},"type":"binary-expr","locations":[{"start":{"line":77,"column":0},"end":{"line":77,"column":null}},{"start":{"line":77,"column":0},"end":{"line":77,"column":null}},{"start":{"line":77,"column":0},"end":{"line":77,"column":null}}]},"8":{"loc":{"start":{"line":77,"column":0},"end":{"line":90,"column":null}},"type":"cond-expr","locations":[{"start":{"line":77,"column":0},"end":{"line":90,"column":null}},{"start":{"line":90,"column":0},"end":{"line":90,"column":null}}]},"9":{"loc":{"start":{"line":88,"column":0},"end":{"line":88,"column":null}},"type":"cond-expr","locations":[{"start":{"line":88,"column":0},"end":{"line":88,"column":null}},{"start":{"line":88,"column":0},"end":{"line":90,"column":null}}]},"10":{"loc":{"start":{"line":77,"column":0},"end":{"line":77,"column":null}},"type":"cond-expr","locations":[{"start":{"line":77,"column":0},"end":{"line":77,"column":null}},{"start":{"line":77,"column":0},"end":{"line":77,"column":null}}]},"11":{"loc":{"start":{"line":77,"column":0},"end":{"line":102,"column":null}},"type":"cond-expr","locations":[{"start":{"line":77,"column":0},"end":{"line":102,"column":null}},{"start":{"line":102,"column":0},"end":{"line":102,"column":null}}]},"12":{"loc":{"start":{"line":100,"column":0},"end":{"line":100,"column":null}},"type":"cond-expr","locations":[{"start":{"line":100,"column":0},"end":{"line":100,"column":null}},{"start":{"line":100,"column":0},"end":{"line":102,"column":null}}]},"13":{"loc":{"start":{"line":102,"column":0},"end":{"line":102,"column":null}},"type":"binary-expr","locations":[{"start":{"line":102,"column":0},"end":{"line":102,"column":null}},{"start":{"line":102,"column":0},"end":{"line":102,"column":null}},{"start":{"line":102,"column":0},"end":{"line":102,"column":null}}]}},"s":{"0":21,"1":1,"2":1,"3":21,"4":21,"5":21,"6":21,"7":21,"8":21,"9":21,"10":21,"11":21},"f":{"0":21,"1":1,"2":1,"3":21},"b":{"0":[40,38],"1":[63,63],"2":[12,51],"3":[1,20],"4":[10,32],"5":[21,1],"6":[1,20],"7":[21,4,2],"8":[15,6],"9":[1,14],"10":[6,15],"11":[6,15],"12":[1,5],"13":[21,4,19]}}
,"/Users/xushijie/Desktop/myself/j-ui-library/src/packages/input/index.js": {"path":"/Users/xushijie/Desktop/myself/j-ui-library/src/packages/input/index.js","statementMap":{"0":{"start":{"line":3,"column":0},"end":{"line":5,"column":1}},"1":{"start":{"line":4,"column":4},"end":{"line":4,"column":38}}},"fnMap":{"0":{"name":"(anonymous_0)","decl":{"start":{"line":3,"column":17},"end":{"line":3,"column":18}},"loc":{"start":{"line":3,"column":32},"end":{"line":5,"column":1}},"line":3}},"branchMap":{},"s":{"0":4,"1":1},"f":{"0":1},"b":{},"_coverageSchema":"43e27e138ebf9cfc5966b082cf9a028302ed4184","hash":"647270af34b085b6d1d899f170573e568c234566"}
,"/Users/xushijie/Desktop/myself/j-ui-library/src/packages/input/src/main.vue": {"path":"/Users/xushijie/Desktop/myself/j-ui-library/src/packages/input/src/main.vue","statementMap":{"0":{"start":{"line":35,"column":0},"end":{"line":35,"column":null}},"1":{"start":{"line":44,"column":0},"end":{"line":44,"column":null}},"2":{"start":{"line":47,"column":0},"end":{"line":47,"column":null}},"3":{"start":{"line":50,"column":0},"end":{"line":50,"column":null}},"4":{"start":{"line":53,"column":0},"end":{"line":53,"column":null}},"5":{"start":{"line":56,"column":0},"end":{"line":56,"column":null}},"6":{"start":{"line":59,"column":0},"end":{"line":59,"column":null}},"7":{"start":{"line":64,"column":0},"end":{"line":64,"column":null}},"8":{"start":{"line":65,"column":0},"end":{"line":65,"column":null}},"9":{"start":{"line":69,"column":0},"end":{"line":69,"column":null}},"10":{"start":{"line":71,"column":0},"end":{"line":71,"column":null}},"11":{"start":{"line":73,"column":0},"end":{"line":73,"column":null}},"12":{"start":{"line":78,"column":0},"end":{"line":78,"column":null}},"13":{"start":{"line":79,"column":0},"end":{"line":82,"column":null}},"14":{"start":{"line":80,"column":0},"end":{"line":80,"column":null}},"15":{"start":{"line":81,"column":0},"end":{"line":81,"column":null}},"16":{"start":{"line":85,"column":0},"end":{"line":85,"column":null}},"17":{"start":{"line":86,"column":0},"end":{"line":86,"column":null}},"18":{"start":{"line":89,"column":0},"end":{"line":89,"column":null}},"19":{"start":{"line":90,"column":0},"end":{"line":90,"column":null}},"20":{"start":{"line":93,"column":0},"end":{"line":93,"column":null}},"21":{"start":{"line":94,"column":0},"end":{"line":96,"column":null}},"22":{"start":{"line":95,"column":0},"end":{"line":95,"column":null}},"23":{"start":{"line":99,"column":0},"end":{"line":99,"column":null}},"24":{"start":{"line":102,"column":0},"end":{"line":102,"column":null}},"25":{"start":{"line":105,"column":0},"end":{"line":105,"column":null}},"26":{"start":{"line":108,"column":0},"end":{"line":108,"column":null}},"27":{"start":{"line":109,"column":0},"end":{"line":109,"column":null}},"28":{"start":{"line":110,"column":0},"end":{"line":110,"column":null}},"29":{"start":{"line":113,"column":0},"end":{"line":113,"column":null}},"30":{"start":{"line":114,"column":0},"end":{"line":114,"column":null}},"31":{"start":{"line":115,"column":0},"end":{"line":115,"column":null}},"32":{"start":{"line":118,"column":0},"end":{"line":118,"column":null}},"33":{"start":{"line":121,"column":0},"end":{"line":121,"column":null}},"34":{"start":{"line":122,"column":0},"end":{"line":122,"column":null}},"35":{"start":{"line":123,"column":0},"end":{"line":123,"column":null}},"36":{"start":{"line":126,"column":0},"end":{"line":126,"column":null}},"37":{"start":{"line":129,"column":0},"end":{"line":129,"column":null}},"38":{"start":{"line":130,"column":0},"end":{"line":130,"column":null}},"39":{"start":{"line":131,"column":0},"end":{"line":131,"column":null}},"40":{"start":{"line":132,"column":0},"end":{"line":134,"column":null}},"41":{"start":{"line":133,"column":0},"end":{"line":133,"column":null}},"42":{"start":{"line":138,"column":0},"end":{"line":138,"column":null}},"43":{"start":{"line":139,"column":0},"end":{"line":139,"column":null}},"44":{"start":{"line":140,"column":0},"end":{"line":140,"column":null}},"45":{"start":{"line":143,"column":0},"end":{"line":143,"column":null}},"46":{"start":{"line":147,"column":0},"end":{"line":147,"column":null}},"47":{"start":{"line":150,"column":0},"end":{"line":150,"column":null}},"48":{"start":{"line":153,"column":0},"end":{"line":153,"column":null}},"49":{"start":{"line":163,"column":0},"end":{"line":163,"column":null}},"50":{"start":{"line":165,"column":0},"end":{"line":165,"column":null}},"51":{"start":{"line":170,"column":0},"end":{"line":170,"column":null}},"52":{"start":{"line":182,"column":0},"end":{"line":182,"column":null}},"53":{"start":{"line":188,"column":0},"end":{"line":188,"column":null}},"54":{"start":{"line":193,"column":0},"end":{"line":250,"column":null}},"55":{"start":{"line":197,"column":0},"end":{"line":197,"column":null}},"56":{"start":{"line":198,"column":0},"end":{"line":198,"column":null}},"57":{"start":{"line":260,"column":0},"end":{"line":260,"column":null}}},"fnMap":{"0":{"name":"(anonymous_1)","decl":{"start":{"line":34,"column":0},"end":{"line":34,"column":null}},"loc":{"start":{"line":34,"column":0},"end":{"line":41,"column":null}}},"1":{"name":"(anonymous_2)","decl":{"start":{"line":43,"column":0},"end":{"line":43,"column":null}},"loc":{"start":{"line":43,"column":0},"end":{"line":45,"column":null}}},"2":{"name":"(anonymous_3)","decl":{"start":{"line":46,"column":0},"end":{"line":46,"column":null}},"loc":{"start":{"line":46,"column":0},"end":{"line":48,"column":null}}},"3":{"name":"(anonymous_4)","decl":{"start":{"line":49,"column":0},"end":{"line":49,"column":null}},"loc":{"start":{"line":49,"column":0},"end":{"line":51,"column":null}}},"4":{"name":"(anonymous_5)","decl":{"start":{"line":52,"column":0},"end":{"line":52,"column":null}},"loc":{"start":{"line":52,"column":0},"end":{"line":54,"column":null}}},"5":{"name":"(anonymous_6)","decl":{"start":{"line":55,"column":0},"end":{"line":55,"column":null}},"loc":{"start":{"line":55,"column":0},"end":{"line":57,"column":null}}},"6":{"name":"(anonymous_7)","decl":{"start":{"line":58,"column":0},"end":{"line":58,"column":null}},"loc":{"start":{"line":58,"column":0},"end":{"line":60,"column":null}}},"7":{"name":"(anonymous_8)","decl":{"start":{"line":63,"column":0},"end":{"line":63,"column":null}},"loc":{"start":{"line":63,"column":0},"end":{"line":66,"column":null}}},"8":{"name":"(anonymous_9)","decl":{"start":{"line":67,"column":0},"end":{"line":67,"column":null}},"loc":{"start":{"line":67,"column":0},"end":{"line":83,"column":null}}},"9":{"name":"(anonymous_10)","decl":{"start":{"line":84,"column":0},"end":{"line":84,"column":null}},"loc":{"start":{"line":84,"column":0},"end":{"line":87,"column":null}}},"10":{"name":"(anonymous_11)","decl":{"start":{"line":88,"column":0},"end":{"line":88,"column":null}},"loc":{"start":{"line":88,"column":0},"end":{"line":91,"column":null}}},"11":{"name":"(anonymous_12)","decl":{"start":{"line":92,"column":0},"end":{"line":92,"column":null}},"loc":{"start":{"line":92,"column":0},"end":{"line":97,"column":null}}},"12":{"name":"(anonymous_13)","decl":{"start":{"line":94,"column":0},"end":{"line":94,"column":null}},"loc":{"start":{"line":94,"column":0},"end":{"line":96,"column":null}}},"13":{"name":"(anonymous_14)","decl":{"start":{"line":98,"column":0},"end":{"line":98,"column":null}},"loc":{"start":{"line":98,"column":0},"end":{"line":100,"column":null}}},"14":{"name":"(anonymous_15)","decl":{"start":{"line":101,"column":0},"end":{"line":101,"column":null}},"loc":{"start":{"line":101,"column":0},"end":{"line":103,"column":null}}},"15":{"name":"(anonymous_16)","decl":{"start":{"line":104,"column":0},"end":{"line":104,"column":null}},"loc":{"start":{"line":104,"column":0},"end":{"line":106,"column":null}}},"16":{"name":"(anonymous_17)","decl":{"start":{"line":107,"column":0},"end":{"line":107,"column":null}},"loc":{"start":{"line":107,"column":0},"end":{"line":111,"column":null}}},"17":{"name":"(anonymous_18)","decl":{"start":{"line":112,"column":0},"end":{"line":112,"column":null}},"loc":{"start":{"line":112,"column":0},"end":{"line":116,"column":null}}},"18":{"name":"(anonymous_19)","decl":{"start":{"line":117,"column":0},"end":{"line":117,"column":null}},"loc":{"start":{"line":117,"column":0},"end":{"line":119,"column":null}}},"19":{"name":"(anonymous_20)","decl":{"start":{"line":120,"column":0},"end":{"line":120,"column":null}},"loc":{"start":{"line":120,"column":0},"end":{"line":124,"column":null}}},"20":{"name":"(anonymous_21)","decl":{"start":{"line":125,"column":0},"end":{"line":125,"column":null}},"loc":{"start":{"line":125,"column":0},"end":{"line":127,"column":null}}},"21":{"name":"(anonymous_22)","decl":{"start":{"line":128,"column":0},"end":{"line":128,"column":null}},"loc":{"start":{"line":128,"column":0},"end":{"line":135,"column":null}}},"22":{"name":"(anonymous_23)","decl":{"start":{"line":132,"column":0},"end":{"line":132,"column":null}},"loc":{"start":{"line":132,"column":0},"end":{"line":134,"column":null}}},"23":{"name":"(anonymous_24)","decl":{"start":{"line":137,"column":0},"end":{"line":137,"column":null}},"loc":{"start":{"line":137,"column":0},"end":{"line":141,"column":null}}},"24":{"name":"(anonymous_25)","decl":{"start":{"line":142,"column":0},"end":{"line":142,"column":null}},"loc":{"start":{"line":142,"column":0},"end":{"line":144,"column":null}}},"25":{"name":"(anonymous_26)","decl":{"start":{"line":146,"column":0},"end":{"line":146,"column":null}},"loc":{"start":{"line":146,"column":0},"end":{"line":148,"column":null}}},"26":{"name":"(anonymous_27)","decl":{"start":{"line":150,"column":0},"end":{"line":150,"column":null}},"loc":{"start":{"line":150,"column":0},"end":{"line":262,"column":null}}},"27":{"name":"(anonymous_28)","decl":{"start":{"line":193,"column":0},"end":{"line":193,"column":null}},"loc":{"start":{"line":193,"column":0},"end":{"line":197,"column":null}}}},"branchMap":{"0":{"loc":{"start":{"line":44,"column":0},"end":{"line":44,"column":null}},"type":"binary-expr","locations":[{"start":{"line":44,"column":0},"end":{"line":44,"column":null}},{"start":{"line":44,"column":0},"end":{"line":44,"column":null}}]},"1":{"loc":{"start":{"line":53,"column":0},"end":{"line":53,"column":null}},"type":"binary-expr","locations":[{"start":{"line":53,"column":0},"end":{"line":53,"column":null}},{"start":{"line":53,"column":0},"end":{"line":53,"column":null}},{"start":{"line":53,"column":0},"end":{"line":53,"column":null}},{"start":{"line":53,"column":0},"end":{"line":53,"column":null}},{"start":{"line":53,"column":0},"end":{"line":53,"column":null}}]},"2":{"loc":{"start":{"line":56,"column":0},"end":{"line":56,"column":null}},"type":"cond-expr","locations":[{"start":{"line":56,"column":0},"end":{"line":56,"column":null}},{"start":{"line":56,"column":0},"end":{"line":56,"column":null}}]},"3":{"loc":{"start":{"line":59,"column":0},"end":{"line":59,"column":null}},"type":"binary-expr","locations":[{"start":{"line":59,"column":0},"end":{"line":59,"column":null}},{"start":{"line":59,"column":0},"end":{"line":59,"column":null}},{"start":{"line":59,"column":0},"end":{"line":59,"column":null}},{"start":{"line":59,"column":0},"end":{"line":59,"column":null}},{"start":{"line":59,"column":0},"end":{"line":59,"column":null}},{"start":{"line":59,"column":0},"end":{"line":59,"column":null}}]},"4":{"loc":{"start":{"line":69,"column":0},"end":{"line":69,"column":null}},"type":"binary-expr","locations":[{"start":{"line":69,"column":0},"end":{"line":69,"column":null}},{"start":{"line":69,"column":0},"end":{"line":69,"column":null}}]},"5":{"loc":{"start":{"line":71,"column":0},"end":{"line":71,"column":null}},"type":"if","locations":[{"start":{"line":71,"column":0},"end":{"line":71,"column":null}},{"start":{"line":71,"column":0},"end":{"line":71,"column":null}}]},"6":{"loc":{"start":{"line":79,"column":0},"end":{"line":82,"column":null}},"type":"if","locations":[{"start":{"line":79,"column":0},"end":{"line":82,"column":null}},{"start":{"line":79,"column":0},"end":{"line":82,"column":null}}]},"7":{"loc":{"start":{"line":81,"column":0},"end":{"line":81,"column":null}},"type":"cond-expr","locations":[{"start":{"line":81,"column":0},"end":{"line":81,"column":null}},{"start":{"line":81,"column":0},"end":{"line":81,"column":null}}]},"8":{"loc":{"start":{"line":109,"column":0},"end":{"line":109,"column":null}},"type":"if","locations":[{"start":{"line":109,"column":0},"end":{"line":109,"column":null}},{"start":{"line":109,"column":0},"end":{"line":109,"column":null}}]},"9":{"loc":{"start":{"line":113,"column":0},"end":{"line":113,"column":null}},"type":"if","locations":[{"start":{"line":113,"column":0},"end":{"line":113,"column":null}},{"start":{"line":113,"column":0},"end":{"line":113,"column":null}}]},"10":{"loc":{"start":{"line":114,"column":0},"end":{"line":114,"column":null}},"type":"if","locations":[{"start":{"line":114,"column":0},"end":{"line":114,"column":null}},{"start":{"line":114,"column":0},"end":{"line":114,"column":null}}]},"11":{"loc":{"start":{"line":121,"column":0},"end":{"line":121,"column":null}},"type":"if","locations":[{"start":{"line":121,"column":0},"end":{"line":121,"column":null}},{"start":{"line":121,"column":0},"end":{"line":121,"column":null}}]},"12":{"loc":{"start":{"line":138,"column":0},"end":{"line":138,"column":null}},"type":"if","locations":[{"start":{"line":138,"column":0},"end":{"line":138,"column":null}},{"start":{"line":138,"column":0},"end":{"line":138,"column":null}}]},"13":{"loc":{"start":{"line":163,"column":0},"end":{"line":163,"column":null}},"type":"if","locations":[{"start":{"line":163,"column":0},"end":{"line":163,"column":null}},{"start":{"line":163,"column":0},"end":{"line":163,"column":null}}]},"14":{"loc":{"start":{"line":165,"column":0},"end":{"line":165,"column":null}},"type":"cond-expr","locations":[{"start":{"line":165,"column":0},"end":{"line":165,"column":null}},{"start":{"line":165,"column":0},"end":{"line":165,"column":null}}]},"15":{"loc":{"start":{"line":170,"column":0},"end":{"line":170,"column":null}},"type":"cond-expr","locations":[{"start":{"line":170,"column":0},"end":{"line":170,"column":null}},{"start":{"line":170,"column":0},"end":{"line":170,"column":null}}]},"16":{"loc":{"start":{"line":182,"column":0},"end":{"line":182,"column":null}},"type":"cond-expr","locations":[{"start":{"line":182,"column":0},"end":{"line":182,"column":null}},{"start":{"line":182,"column":0},"end":{"line":182,"column":null}}]},"17":{"loc":{"start":{"line":188,"column":0},"end":{"line":188,"column":null}},"type":"cond-expr","locations":[{"start":{"line":188,"column":0},"end":{"line":188,"column":null}},{"start":{"line":188,"column":0},"end":{"line":188,"column":null}}]},"18":{"loc":{"start":{"line":193,"column":0},"end":{"line":202,"column":null}},"type":"cond-expr","locations":[{"start":{"line":193,"column":0},"end":{"line":202,"column":null}},{"start":{"line":202,"column":0},"end":{"line":202,"column":null}}]},"19":{"loc":{"start":{"line":201,"column":0},"end":{"line":201,"column":null}},"type":"cond-expr","locations":[{"start":{"line":201,"column":0},"end":{"line":201,"column":null}},{"start":{"line":201,"column":0},"end":{"line":201,"column":null}}]},"20":{"loc":{"start":{"line":201,"column":0},"end":{"line":224,"column":null}},"type":"cond-expr","locations":[{"start":{"line":201,"column":0},"end":{"line":224,"column":null}},{"start":{"line":224,"column":0},"end":{"line":224,"column":null}}]},"21":{"loc":{"start":{"line":224,"column":0},"end":{"line":229,"column":null}},"type":"cond-expr","locations":[{"start":{"line":224,"column":0},"end":{"line":229,"column":null}},{"start":{"line":229,"column":0},"end":{"line":229,"column":null}}]},"22":{"loc":{"start":{"line":229,"column":0},"end":{"line":234,"column":null}},"type":"cond-expr","locations":[{"start":{"line":229,"column":0},"end":{"line":234,"column":null}},{"start":{"line":234,"column":0},"end":{"line":234,"column":null}}]},"23":{"loc":{"start":{"line":234,"column":0},"end":{"line":242,"column":null}},"type":"cond-expr","locations":[{"start":{"line":234,"column":0},"end":{"line":242,"column":null}},{"start":{"line":242,"column":0},"end":{"line":242,"column":null}}]},"24":{"loc":{"start":{"line":242,"column":0},"end":{"line":250,"column":null}},"type":"cond-expr","locations":[{"start":{"line":242,"column":0},"end":{"line":250,"column":null}},{"start":{"line":250,"column":0},"end":{"line":250,"column":null}}]}},"s":{"0":154,"1":154,"2":154,"3":170,"4":153,"5":179,"6":154,"7":260,"8":260,"9":520,"10":863,"11":177,"12":177,"13":177,"14":2,"15":2,"16":25,"17":25,"18":22,"19":22,"20":4,"21":4,"22":4,"23":241,"24":20,"25":1,"26":178,"27":313,"28":43,"29":8,"30":8,"31":4,"32":1,"33":3,"34":1,"35":1,"36":1,"37":1,"38":1,"39":1,"40":1,"41":1,"42":155,"43":153,"44":153,"45":107,"46":25,"47":261,"48":261,"49":262,"50":260,"51":260,"52":260,"53":260,"54":260,"55":3,"56":3,"57":260},"f":{"0":154,"1":154,"2":154,"3":170,"4":153,"5":179,"6":154,"7":260,"8":520,"9":25,"10":22,"11":4,"12":4,"13":241,"14":20,"15":1,"16":178,"17":7,"18":1,"19":2,"20":1,"21":1,"22":1,"23":154,"24":107,"25":25,"26":261,"27":6},"b":{"0":[300,292],"1":[153,12,10,8,2],"2":[242,295],"3":[154,10,8,6,4,2],"4":[520,343],"5":[343,177],"6":[2,175],"7":[1,1],"8":[135,43],"9":[1,6],"10":[2,4],"11":[1,1],"12":[1,153],"13":[1,260],"14":[270,505],"15":[717,1893],"16":[6,254],"17":[6,254],"18":[5,255],"19":[15,256],"20":[5,255],"21":[158,102],"22":[11,249],"23":[3,257],"24":[5,255]}}
,"/Users/xushijie/Desktop/myself/j-ui-library/src/packages/option/index.js": {"path":"/Users/xushijie/Desktop/myself/j-ui-library/src/packages/option/index.js","statementMap":{"0":{"start":{"line":4,"column":0},"end":{"line":6,"column":1}},"1":{"start":{"line":5,"column":4},"end":{"line":5,"column":40}}},"fnMap":{"0":{"name":"(anonymous_0)","decl":{"start":{"line":4,"column":18},"end":{"line":4,"column":19}},"loc":{"start":{"line":4,"column":33},"end":{"line":6,"column":1}},"line":4}},"branchMap":{},"s":{"0":1,"1":1},"f":{"0":1},"b":{},"_coverageSchema":"43e27e138ebf9cfc5966b082cf9a028302ed4184","hash":"a84efd06fdef8ff1c811a70387bb2fd2365467cf"}
,"/Users/xushijie/Desktop/myself/j-ui-library/src/packages/scrollbar/index.js": {"path":"/Users/xushijie/Desktop/myself/j-ui-library/src/packages/scrollbar/index.js","statementMap":{},"fnMap":{},"branchMap":{},"s":{},"f":{},"b":{},"_coverageSchema":"43e27e138ebf9cfc5966b082cf9a028302ed4184","hash":"2ab4507dd3d7edadbd46db3d2a1a097dabb85a1d"}
,"/Users/xushijie/Desktop/myself/j-ui-library/src/packages/scrollbar/src/bar.vue": {"path":"/Users/xushijie/Desktop/myself/j-ui-library/src/packages/scrollbar/src/bar.vue","statementMap":{"0":{"start":{"line":2,"column":0},"end":{"line":2,"column":null}},"1":{"start":{"line":9,"column":0},"end":{"line":9,"column":null}},"2":{"start":{"line":12,"column":0},"end":{"line":12,"column":null}},"3":{"start":{"line":14,"column":0},"end":{"line":14,"column":null}},"4":{"start":{"line":17,"column":0},"end":{"line":17,"column":null}},"5":{"start":{"line":22,"column":0},"end":{"line":22,"column":null}}},"fnMap":{"0":{"name":"(anonymous_1)","decl":{"start":{"line":8,"column":0},"end":{"line":8,"column":null}},"loc":{"start":{"line":8,"column":0},"end":{"line":10,"column":null}}},"1":{"name":"(anonymous_2)","decl":{"start":{"line":12,"column":0},"end":{"line":12,"column":null}},"loc":{"start":{"line":12,"column":0},"end":{"line":32,"column":null}}}},"branchMap":{"0":{"loc":{"start":{"line":9,"column":0},"end":{"line":9,"column":null}},"type":"cond-expr","locations":[{"start":{"line":9,"column":0},"end":{"line":9,"column":null}},{"start":{"line":9,"column":0},"end":{"line":9,"column":null}}]}},"s":{"0":3,"1":194,"2":194,"3":194,"4":194,"5":194},"f":{"0":194,"1":194},"b":{"0":[97,97]}}
,"/Users/xushijie/Desktop/myself/j-ui-library/src/packages/scrollbar/src/main.vue": {"path":"/Users/xushijie/Desktop/myself/j-ui-library/src/packages/scrollbar/src/main.vue","statementMap":{"0":{"start":{"line":3,"column":0},"end":{"line":3,"column":null}},"1":{"start":{"line":10,"column":0},"end":{"line":10,"column":null}},"2":{"start":{"line":25,"column":0},"end":{"line":25,"column":null}},"3":{"start":{"line":26,"column":0},"end":{"line":26,"column":null}},"4":{"start":{"line":27,"column":0},"end":{"line":27,"column":null}},"5":{"start":{"line":32,"column":0},"end":{"line":32,"column":null}},"6":{"start":{"line":40,"column":0},"end":{"line":40,"column":null}},"7":{"start":{"line":45,"column":0},"end":{"line":45,"column":null}},"8":{"start":{"line":52,"column":0},"end":{"line":52,"column":null}}},"fnMap":{"0":{"name":"(anonymous_1)","decl":{"start":{"line":9,"column":0},"end":{"line":9,"column":null}},"loc":{"start":{"line":9,"column":0},"end":{"line":14,"column":null}}},"1":{"name":"(anonymous_2)","decl":{"start":{"line":24,"column":0},"end":{"line":24,"column":null}},"loc":{"start":{"line":24,"column":0},"end":{"line":28,"column":null}}},"2":{"name":"(anonymous_3)","decl":{"start":{"line":31,"column":0},"end":{"line":31,"column":null}},"loc":{"start":{"line":31,"column":0},"end":{"line":33,"column":null}}},"3":{"name":"(anonymous_4)","decl":{"start":{"line":35,"column":0},"end":{"line":35,"column":null}},"loc":{"start":{"line":35,"column":0},"end":{"line":70,"column":null}}}},"branchMap":{},"s":{"0":3,"1":97,"2":0,"3":0,"4":0,"5":0,"6":202,"7":202,"8":202},"f":{"0":97,"1":0,"2":0,"3":202},"b":{}}
,"/Users/xushijie/Desktop/myself/j-ui-library/src/packages/scrollbar/src/util.js": {"path":"/Users/xushijie/Desktop/myself/j-ui-library/src/packages/scrollbar/src/util.js","statementMap":{"0":{"start":{"line":1,"column":23},"end":{"line":8,"column":1}}},"fnMap":{},"branchMap":{},"s":{"0":3},"f":{},"b":{},"_coverageSchema":"43e27e138ebf9cfc5966b082cf9a028302ed4184","hash":"f7abeb163183f57e7012047fda0cb8bbaed0444c"}
,"/Users/xushijie/Desktop/myself/j-ui-library/src/packages/select/index.js": {"path":"/Users/xushijie/Desktop/myself/j-ui-library/src/packages/select/index.js","statementMap":{"0":{"start":{"line":3,"column":0},"end":{"line":5,"column":1}},"1":{"start":{"line":4,"column":4},"end":{"line":4,"column":40}}},"fnMap":{"0":{"name":"(anonymous_0)","decl":{"start":{"line":3,"column":18},"end":{"line":3,"column":19}},"loc":{"start":{"line":3,"column":33},"end":{"line":5,"column":1}},"line":3}},"branchMap":{},"s":{"0":2,"1":1},"f":{"0":1},"b":{},"_coverageSchema":"43e27e138ebf9cfc5966b082cf9a028302ed4184","hash":"e6c0b92832cbadcb95caf87871e2570fb80477ff"}
,"/Users/xushijie/Desktop/myself/j-ui-library/src/packages/select/src/main.vue": {"path":"/Users/xushijie/Desktop/myself/j-ui-library/src/packages/select/src/main.vue","statementMap":{"0":{"start":{"line":2,"column":0},"end":{"line":2,"column":null}},"1":{"start":{"line":3,"column":0},"end":{"line":3,"column":null}},"2":{"start":{"line":4,"column":0},"end":{"line":4,"column":null}},"3":{"start":{"line":5,"column":0},"end":{"line":5,"column":null}},"4":{"start":{"line":6,"column":0},"end":{"line":6,"column":null}},"5":{"start":{"line":7,"column":0},"end":{"line":7,"column":null}},"6":{"start":{"line":8,"column":0},"end":{"line":8,"column":null}},"7":{"start":{"line":17,"column":0},"end":{"line":17,"column":null}},"8":{"start":{"line":34,"column":0},"end":{"line":34,"column":null}},"9":{"start":{"line":82,"column":0},"end":{"line":82,"column":null}},"10":{"start":{"line":86,"column":0},"end":{"line":88,"column":null}},"11":{"start":{"line":87,"column":0},"end":{"line":87,"column":null}},"12":{"start":{"line":89,"column":0},"end":{"line":89,"column":null}},"13":{"start":{"line":90,"column":0},"end":{"line":92,"column":null}},"14":{"start":{"line":91,"column":0},"end":{"line":91,"column":null}},"15":{"start":{"line":95,"column":0},"end":{"line":105,"column":null}},"16":{"start":{"line":96,"column":0},"end":{"line":100,"column":null}},"17":{"start":{"line":97,"column":0},"end":{"line":97,"column":null}},"18":{"start":{"line":99,"column":0},"end":{"line":99,"column":null}},"19":{"start":{"line":101,"column":0},"end":{"line":104,"column":null}},"20":{"start":{"line":102,"column":0},"end":{"line":102,"column":null}},"21":{"start":{"line":103,"column":0},"end":{"line":103,"column":null}},"22":{"start":{"line":106,"column":0},"end":{"line":106,"column":null}},"23":{"start":{"line":109,"column":0},"end":{"line":135,"column":null}},"24":{"start":{"line":111,"column":0},"end":{"line":111,"column":null}},"25":{"start":{"line":112,"column":0},"end":{"line":112,"column":null}},"26":{"start":{"line":113,"column":0},"end":{"line":120,"column":null}},"27":{"start":{"line":115,"column":0},"end":{"line":115,"column":null}},"28":{"start":{"line":116,"column":0},"end":{"line":119,"column":null}},"29":{"start":{"line":118,"column":0},"end":{"line":118,"column":null}},"30":{"start":{"line":123,"column":0},"end":{"line":123,"column":null}},"31":{"start":{"line":124,"column":0},"end":{"line":124,"column":null}},"32":{"start":{"line":125,"column":0},"end":{"line":134,"column":null}},"33":{"start":{"line":126,"column":0},"end":{"line":133,"column":null}},"34":{"start":{"line":128,"column":0},"end":{"line":128,"column":null}},"35":{"start":{"line":129,"column":0},"end":{"line":132,"column":null}},"36":{"start":{"line":130,"column":0},"end":{"line":130,"column":null}},"37":{"start":{"line":131,"column":0},"end":{"line":131,"column":null}},"38":{"start":{"line":136,"column":0},"end":{"line":136,"column":null}},"39":{"start":{"line":141,"column":0},"end":{"line":141,"column":null}},"40":{"start":{"line":142,"column":0},"end":{"line":144,"column":null}},"41":{"start":{"line":143,"column":0},"end":{"line":143,"column":null}},"42":{"start":{"line":145,"column":0},"end":{"line":147,"column":null}},"43":{"start":{"line":146,"column":0},"end":{"line":146,"column":null}},"44":{"start":{"line":148,"column":0},"end":{"line":150,"column":null}},"45":{"start":{"line":149,"column":0},"end":{"line":149,"column":null}},"46":{"start":{"line":151,"column":0},"end":{"line":151,"column":null}},"47":{"start":{"line":154,"column":0},"end":{"line":154,"column":null}},"48":{"start":{"line":155,"column":0},"end":{"line":155,"column":null}},"49":{"start":{"line":158,"column":0},"end":{"line":158,"column":null}},"50":{"start":{"line":161,"column":0},"end":{"line":161,"column":null}},"51":{"start":{"line":164,"column":0},"end":{"line":164,"column":null}},"52":{"start":{"line":167,"column":0},"end":{"line":167,"column":null}},"53":{"start":{"line":170,"column":0},"end":{"line":170,"column":null}},"54":{"start":{"line":171,"column":0},"end":{"line":171,"column":null}},"55":{"start":{"line":175,"column":0},"end":{"line":177,"column":null}},"56":{"start":{"line":176,"column":0},"end":{"line":176,"column":null}},"57":{"start":{"line":178,"column":0},"end":{"line":180,"column":null}},"58":{"start":{"line":179,"column":0},"end":{"line":179,"column":null}},"59":{"start":{"line":181,"column":0},"end":{"line":183,"column":null}},"60":{"start":{"line":182,"column":0},"end":{"line":182,"column":null}},"61":{"start":{"line":184,"column":0},"end":{"line":184,"column":null}},"62":{"start":{"line":187,"column":0},"end":{"line":187,"column":null}},"63":{"start":{"line":188,"column":0},"end":{"line":188,"column":null}},"64":{"start":{"line":192,"column":0},"end":{"line":192,"column":null}},"65":{"start":{"line":195,"column":0},"end":{"line":195,"column":null}},"66":{"start":{"line":196,"column":0},"end":{"line":196,"column":null}},"67":{"start":{"line":197,"column":0},"end":{"line":197,"column":null}},"68":{"start":{"line":198,"column":0},"end":{"line":198,"column":null}},"69":{"start":{"line":199,"column":0},"end":{"line":199,"column":null}},"70":{"start":{"line":200,"column":0},"end":{"line":200,"column":null}},"71":{"start":{"line":203,"column":0},"end":{"line":203,"column":null}},"72":{"start":{"line":204,"column":0},"end":{"line":208,"column":null}},"73":{"start":{"line":205,"column":0},"end":{"line":207,"column":null}},"74":{"start":{"line":206,"column":0},"end":{"line":206,"column":null}},"75":{"start":{"line":211,"column":0},"end":{"line":227,"column":null}},"76":{"start":{"line":212,"column":0},"end":{"line":226,"column":null}},"77":{"start":{"line":213,"column":0},"end":{"line":213,"column":null}},"78":{"start":{"line":214,"column":0},"end":{"line":218,"column":null}},"79":{"start":{"line":215,"column":0},"end":{"line":215,"column":null}},"80":{"start":{"line":216,"column":0},"end":{"line":216,"column":null}},"81":{"start":{"line":217,"column":0},"end":{"line":217,"column":null}},"82":{"start":{"line":219,"column":0},"end":{"line":221,"column":null}},"83":{"start":{"line":220,"column":0},"end":{"line":220,"column":null}},"84":{"start":{"line":223,"column":0},"end":{"line":225,"column":null}},"85":{"start":{"line":224,"column":0},"end":{"line":224,"column":null}},"86":{"start":{"line":230,"column":0},"end":{"line":232,"column":null}},"87":{"start":{"line":231,"column":0},"end":{"line":231,"column":null}},"88":{"start":{"line":235,"column":0},"end":{"line":249,"column":null}},"89":{"start":{"line":236,"column":0},"end":{"line":236,"column":null}},"90":{"start":{"line":237,"column":0},"end":{"line":237,"column":null}},"91":{"start":{"line":238,"column":0},"end":{"line":242,"column":null}},"92":{"start":{"line":239,"column":0},"end":{"line":239,"column":null}},"93":{"start":{"line":241,"column":0},"end":{"line":241,"column":null}},"94":{"start":{"line":243,"column":0},"end":{"line":243,"column":null}},"95":{"start":{"line":244,"column":0},"end":{"line":244,"column":null}},"96":{"start":{"line":246,"column":0},"end":{"line":246,"column":null}},"97":{"start":{"line":247,"column":0},"end":{"line":247,"column":null}},"98":{"start":{"line":248,"column":0},"end":{"line":248,"column":null}},"99":{"start":{"line":250,"column":0},"end":{"line":250,"column":null}},"100":{"start":{"line":251,"column":0},"end":{"line":251,"column":null}},"101":{"start":{"line":254,"column":0},"end":{"line":254,"column":null}},"102":{"start":{"line":255,"column":0},"end":{"line":255,"column":null}},"103":{"start":{"line":256,"column":0},"end":{"line":256,"column":null}},"104":{"start":{"line":259,"column":0},"end":{"line":259,"column":null}},"105":{"start":{"line":260,"column":0},"end":{"line":260,"column":null}},"106":{"start":{"line":261,"column":0},"end":{"line":263,"column":null}},"107":{"start":{"line":262,"column":0},"end":{"line":262,"column":null}},"108":{"start":{"line":266,"column":0},"end":{"line":272,"column":null}},"109":{"start":{"line":267,"column":0},"end":{"line":271,"column":null}},"110":{"start":{"line":268,"column":0},"end":{"line":268,"column":null}},"111":{"start":{"line":270,"column":0},"end":{"line":270,"column":null}},"112":{"start":{"line":273,"column":0},"end":{"line":275,"column":null}},"113":{"start":{"line":274,"column":0},"end":{"line":274,"column":null}},"114":{"start":{"line":278,"column":0},"end":{"line":282,"column":null}},"115":{"start":{"line":279,"column":0},"end":{"line":279,"column":null}},"116":{"start":{"line":281,"column":0},"end":{"line":281,"column":null}},"117":{"start":{"line":285,"column":0},"end":{"line":285,"column":null}},"118":{"start":{"line":286,"column":0},"end":{"line":286,"column":null}},"119":{"start":{"line":289,"column":0},"end":{"line":304,"column":null}},"120":{"start":{"line":291,"column":0},"end":{"line":291,"column":null}},"121":{"start":{"line":292,"column":0},"end":{"line":296,"column":null}},"122":{"start":{"line":293,"column":0},"end":{"line":295,"column":null}},"123":{"start":{"line":294,"column":0},"end":{"line":294,"column":null}},"124":{"start":{"line":297,"column":0},"end":{"line":297,"column":null}},"125":{"start":{"line":298,"column":0},"end":{"line":298,"column":null}},"126":{"start":{"line":301,"column":0},"end":{"line":301,"column":null}},"127":{"start":{"line":302,"column":0},"end":{"line":302,"column":null}},"128":{"start":{"line":303,"column":0},"end":{"line":303,"column":null}},"129":{"start":{"line":305,"column":0},"end":{"line":305,"column":null}},"130":{"start":{"line":309,"column":0},"end":{"line":316,"column":null}},"131":{"start":{"line":309,"column":0},"end":{"line":309,"column":null}},"132":{"start":{"line":310,"column":0},"end":{"line":310,"column":null}},"133":{"start":{"line":311,"column":0},"end":{"line":311,"column":null}},"134":{"start":{"line":312,"column":0},"end":{"line":315,"column":null}},"135":{"start":{"line":313,"column":0},"end":{"line":313,"column":null}},"136":{"start":{"line":314,"column":0},"end":{"line":314,"column":null}},"137":{"start":{"line":317,"column":0},"end":{"line":317,"column":null}},"138":{"start":{"line":319,"column":0},"end":{"line":319,"column":null}},"139":{"start":{"line":323,"column":0},"end":{"line":323,"column":null}},"140":{"start":{"line":326,"column":0},"end":{"line":326,"column":null}},"141":{"start":{"line":329,"column":0},"end":{"line":329,"column":null}},"142":{"start":{"line":330,"column":0},"end":{"line":330,"column":null}},"143":{"start":{"line":331,"column":0},"end":{"line":335,"column":null}},"144":{"start":{"line":332,"column":0},"end":{"line":334,"column":null}},"145":{"start":{"line":333,"column":0},"end":{"line":333,"column":null}},"146":{"start":{"line":336,"column":0},"end":{"line":336,"column":null}},"147":{"start":{"line":337,"column":0},"end":{"line":337,"column":null}},"148":{"start":{"line":340,"column":0},"end":{"line":349,"column":null}},"149":{"start":{"line":341,"column":0},"end":{"line":341,"column":null}},"150":{"start":{"line":342,"column":0},"end":{"line":342,"column":null}},"151":{"start":{"line":343,"column":0},"end":{"line":343,"column":null}},"152":{"start":{"line":344,"column":0},"end":{"line":344,"column":null}},"153":{"start":{"line":345,"column":0},"end":{"line":345,"column":null}},"154":{"start":{"line":348,"column":0},"end":{"line":348,"column":null}},"155":{"start":{"line":352,"column":0},"end":{"line":355,"column":null}},"156":{"start":{"line":353,"column":0},"end":{"line":353,"column":null}},"157":{"start":{"line":354,"column":0},"end":{"line":354,"column":null}},"158":{"start":{"line":358,"column":0},"end":{"line":358,"column":null}},"159":{"start":{"line":359,"column":0},"end":{"line":363,"column":null}},"160":{"start":{"line":360,"column":0},"end":{"line":360,"column":null}},"161":{"start":{"line":362,"column":0},"end":{"line":362,"column":null}},"162":{"start":{"line":366,"column":0},"end":{"line":366,"column":null}},"163":{"start":{"line":369,"column":0},"end":{"line":369,"column":null}},"164":{"start":{"line":370,"column":0},"end":{"line":370,"column":null}},"165":{"start":{"line":371,"column":0},"end":{"line":371,"column":null}},"166":{"start":{"line":372,"column":0},"end":{"line":372,"column":null}},"167":{"start":{"line":373,"column":0},"end":{"line":373,"column":null}},"168":{"start":{"line":374,"column":0},"end":{"line":374,"column":null}},"169":{"start":{"line":375,"column":0},"end":{"line":375,"column":null}},"170":{"start":{"line":378,"column":0},"end":{"line":378,"column":null}},"171":{"start":{"line":380,"column":0},"end":{"line":380,"column":null}},"172":{"start":{"line":382,"column":0},"end":{"line":382,"column":null}},"173":{"start":{"line":399,"column":0},"end":{"line":399,"column":null}},"174":{"start":{"line":409,"column":0},"end":{"line":409,"column":null}},"175":{"start":{"line":414,"column":0},"end":{"line":414,"column":null}},"176":{"start":{"line":420,"column":0},"end":{"line":502,"column":null}},"177":{"start":{"line":435,"column":0},"end":{"line":435,"column":null}},"178":{"start":{"line":439,"column":0},"end":{"line":439,"column":null}},"179":{"start":{"line":448,"column":0},"end":{"line":448,"column":null}},"180":{"start":{"line":450,"column":0},"end":{"line":450,"column":null}},"181":{"start":{"line":464,"column":0},"end":{"line":464,"column":null}},"182":{"start":{"line":475,"column":0},"end":{"line":475,"column":null}},"183":{"start":{"line":476,"column":0},"end":{"line":476,"column":null}}},"fnMap":{"0":{"name":"(anonymous_1)","decl":{"start":{"line":16,"column":0},"end":{"line":16,"column":null}},"loc":{"start":{"line":16,"column":0},"end":{"line":31,"column":null}}},"1":{"name":"(anonymous_2)","decl":{"start":{"line":33,"column":0},"end":{"line":33,"column":null}},"loc":{"start":{"line":33,"column":0},"end":{"line":37,"column":null}}},"2":{"name":"(anonymous_3)","decl":{"start":{"line":81,"column":0},"end":{"line":81,"column":null}},"loc":{"start":{"line":81,"column":0},"end":{"line":83,"column":null}}},"3":{"name":"(anonymous_4)","decl":{"start":{"line":84,"column":0},"end":{"line":84,"column":null}},"loc":{"start":{"line":84,"column":0},"end":{"line":93,"column":null}}},"4":{"name":"(anonymous_5)","decl":{"start":{"line":90,"column":0},"end":{"line":90,"column":null}},"loc":{"start":{"line":90,"column":0},"end":{"line":92,"column":null}}},"5":{"name":"(anonymous_6)","decl":{"start":{"line":94,"column":0},"end":{"line":94,"column":null}},"loc":{"start":{"line":94,"column":0},"end":{"line":107,"column":null}}},"6":{"name":"(anonymous_7)","decl":{"start":{"line":108,"column":0},"end":{"line":108,"column":null}},"loc":{"start":{"line":108,"column":0},"end":{"line":137,"column":null}}},"7":{"name":"(anonymous_8)","decl":{"start":{"line":140,"column":0},"end":{"line":140,"column":null}},"loc":{"start":{"line":140,"column":0},"end":{"line":152,"column":null}}},"8":{"name":"(anonymous_9)","decl":{"start":{"line":141,"column":0},"end":{"line":141,"column":null}},"loc":{"start":{"line":141,"column":0},"end":{"line":141,"column":null}}},"9":{"name":"(anonymous_10)","decl":{"start":{"line":153,"column":0},"end":{"line":153,"column":null}},"loc":{"start":{"line":153,"column":0},"end":{"line":156,"column":null}}},"10":{"name":"(anonymous_11)","decl":{"start":{"line":157,"column":0},"end":{"line":157,"column":null}},"loc":{"start":{"line":157,"column":0},"end":{"line":159,"column":null}}},"11":{"name":"(anonymous_12)","decl":{"start":{"line":160,"column":0},"end":{"line":160,"column":null}},"loc":{"start":{"line":160,"column":0},"end":{"line":162,"column":null}}},"12":{"name":"(anonymous_13)","decl":{"start":{"line":163,"column":0},"end":{"line":163,"column":null}},"loc":{"start":{"line":163,"column":0},"end":{"line":165,"column":null}}},"13":{"name":"(anonymous_14)","decl":{"start":{"line":166,"column":0},"end":{"line":166,"column":null}},"loc":{"start":{"line":166,"column":0},"end":{"line":168,"column":null}}},"14":{"name":"(anonymous_15)","decl":{"start":{"line":169,"column":0},"end":{"line":169,"column":null}},"loc":{"start":{"line":169,"column":0},"end":{"line":172,"column":n
[...]
,"/Users/xushijie/Desktop/myself/j-ui-library/src/utils/clickoutside.js": {"path":"/Users/xushijie/Desktop/myself/j-ui-library/src/utils/clickoutside.js","statementMap":{"0":{"start":{"line":3,"column":15},"end":{"line":3,"column":17}},"1":{"start":{"line":7,"column":11},"end":{"line":7,"column":12}},"2":{"start":{"line":9,"column":12},"end":{"line":9,"column":28}},"3":{"start":{"line":12,"column":0},"end":{"line":12,"column":47}},"4":{"start":{"line":12,"column":30},"end":{"line":12,"column":44}},"5":{"start":{"line":13,"column":0},"end":{"line":15,"column":2}},"6":{"start":{"line":14,"column":4},"end":{"line":14,"column":69}},"7":{"start":{"line":14,"column":29},"end":{"line":14,"column":68}},"8":{"start":{"line":19,"column":8},"end":{"line":19,"column":25}},"9":{"start":{"line":20,"column":19},"end":{"line":20,"column":25}},"10":{"start":{"line":21,"column":8},"end":{"line":26,"column":9}},"11":{"start":{"line":29,"column":18},"end":{"line":29,"column":33}},"12":{"start":{"line":30,"column":8},"end":{"line":35,"column":9}},"13":{"start":{"line":30,"column":21},"end":{"line":30,"column":22}},"14":{"start":{"line":31,"column":12},"end":{"line":34,"column":13}},"15":{"start":{"line":32,"column":16},"end":{"line":32,"column":37}},"16":{"start":{"line":33,"column":16},"end":{"line":33,"column":21}},"17":{"start":{"line":36,"column":8},"end":{"line":36,"column":22}},"18":{"start":{"line":40,"column":31},"end":{"line":61,"column":1}},"19":{"start":{"line":41,"column":4},"end":{"line":60,"column":5}},"20":{"start":{"line":42,"column":8},"end":{"line":52,"column":20}},"21":{"start":{"line":52,"column":12},"end":{"line":52,"column":18}},"22":{"start":{"line":54,"column":8},"end":{"line":59,"column":9}},"23":{"start":{"line":56,"column":12},"end":{"line":56,"column":47}},"24":{"start":{"line":58,"column":12},"end":{"line":58,"column":52}}},"fnMap":{"0":{"name":"(anonymous_0)","decl":{"start":{"line":12,"column":24},"end":{"line":12,"column":25}},"loc":{"start":{"line":12,"column":30},"end":{"line":12,"column":44}},"line":12},"1":{"name":"(anonymous_1)","decl":{"start":{"line":13,"column":22},"end":{"line":13,"column":23}},"loc":{"start":{"line":13,"column":27},"end":{"line":15,"column":1}},"line":13},"2":{"name":"(anonymous_2)","decl":{"start":{"line":14,"column":21},"end":{"line":14,"column":22}},"loc":{"start":{"line":14,"column":29},"end":{"line":14,"column":68}},"line":14},"3":{"name":"(anonymous_3)","decl":{"start":{"line":18,"column":4},"end":{"line":18,"column":5}},"loc":{"start":{"line":18,"column":31},"end":{"line":27,"column":5}},"line":18},"4":{"name":"(anonymous_4)","decl":{"start":{"line":28,"column":4},"end":{"line":28,"column":5}},"loc":{"start":{"line":28,"column":16},"end":{"line":37,"column":5}},"line":28},"5":{"name":"(anonymous_5)","decl":{"start":{"line":40,"column":31},"end":{"line":40,"column":32}},"loc":{"start":{"line":40,"column":55},"end":{"line":61,"column":1}},"line":40},"6":{"name":"(anonymous_6)","decl":{"start":{"line":41,"column":11},"end":{"line":41,"column":12}},"loc":{"start":{"line":41,"column":41},"end":{"line":60,"column":5}},"line":41}},"branchMap":{"0":{"loc":{"start":{"line":31,"column":12},"end":{"line":34,"column":13}},"type":"if","locations":[{"start":{"line":31,"column":12},"end":{"line":34,"column":13}},{"start":{"line":31,"column":12},"end":{"line":34,"column":13}}],"line":31},"1":{"loc":{"start":{"line":42,"column":8},"end":{"line":52,"column":20}},"type":"if","locations":[{"start":{"line":42,"column":8},"end":{"line":52,"column":20}},{"start":{"line":42,"column":8},"end":{"line":52,"column":20}}],"line":42},"2":{"loc":{"start":{"line":43,"column":12},"end":{"line":51,"column":13}},"type":"binary-expr","locations":[{"start":{"line":43,"column":12},"end":{"line":43,"column":18}},{"start":{"line":44,"column":12},"end":{"line":44,"column":26}},{"start":{"line":45,"column":12},"end":{"line":45,"column":27}},{"start":{"line":46,"column":12},"end":{"line":46,"column":29}},{"start":{"line":47,"column":12},"end":{"line":47,"column":39}},{"start":{"line":48,"column":12},"end":{"line":48,"column":41}},{"start":{"line":49,"column":13},"end":{"line":49,"column":40}},{"start":{"line":50,"column":13},"end":{"line":50,"column":67}},{"start":{"line":50,"column":71},"end":{"line":50,"column":123}}],"line":43},"3":{"loc":{"start":{"line":54,"column":8},"end":{"line":59,"column":9}},"type":"if","locations":[{"start":{"line":54,"column":8},"end":{"line":59,"column":9}},{"start":{"line":54,"column":8},"end":{"line":59,"column":9}}],"line":54},"4":{"loc":{"start":{"line":54,"column":12},"end":{"line":54,"column":89}},"type":"binary-expr","locations":[{"start":{"line":54,"column":12},"end":{"line":54,"column":30}},{"start":{"line":54,"column":34},"end":{"line":54,"column":52}},{"start":{"line":54,"column":56},"end":{"line":54,"column":89}}],"line":54},"5":{"loc":{"start":{"line":58,"column":12},"end":{"line":58,"column":52}},"type":"binary-expr","locations":[{"start":{"line":58,"column":12},"end":{"line":58,"column":29}},{"start":{"line":58,"column":33},"end":{"line":58,"column":52}}],"line":58}},"s":{"0":4,"1":4,"2":4,"3":4,"4":5,"5":4,"6":5,"7":49,"8":102,"9":102,"10":102,"11":2,"12":2,"13":2,"14":38,"15":2,"16":2,"17":2,"18":4,"19":102,"20":49,"21":4,"22":45,"23":3,"24":42},"f":{"0":5,"1":5,"2":49,"3":102,"4":2,"5":102,"6":49},"b":{"0":[2,36],"1":[4,45],"2":[49,49,45,45,45,45,45,3,3],"3":[3,42],"4":[45,3,3],"5":[42,42]},"_coverageSchema":"43e27e138ebf9cfc5966b082cf9a028302ed4184","hash":"c39edf506621d8deac32740d0d2ed8babe616a1d"}
,"/Users/xushijie/Desktop/myself/j-ui-library/src/utils/utils.js": {"path":"/Users/xushijie/Desktop/myself/j-ui-library/src/utils/utils.js","statementMap":{"0":{"start":{"line":2,"column":30},"end":{"line":17,"column":1}},"1":{"start":{"line":3,"column":4},"end":{"line":3,"column":21}},"2":{"start":{"line":4,"column":18},"end":{"line":4,"column":33}},"3":{"start":{"line":5,"column":18},"end":{"line":5,"column":24}},"4":{"start":{"line":6,"column":17},"end":{"line":6,"column":21}},"5":{"start":{"line":7,"column":4},"end":{"line":15,"column":5}},"6":{"start":{"line":7,"column":17},"end":{"line":7,"column":18}},"7":{"start":{"line":8,"column":21},"end":{"line":8,"column":29}},"8":{"start":{"line":9,"column":8},"end":{"line":9,"column":28}},"9":{"start":{"line":9,"column":23},"end":{"line":9,"column":28}},"10":{"start":{"line":10,"column":8},"end":{"line":13,"column":9}},"11":{"start":{"line":11,"column":12},"end":{"line":11,"column":34}},"12":{"start":{"line":12,"column":12},"end":{"line":12,"column":17}},"13":{"start":{"line":14,"column":8},"end":{"line":14,"column":31}},"14":{"start":{"line":16,"column":4},"end":{"line":16,"column":17}},"15":{"start":{"line":21,"column":24},"end":{"line":23,"column":1}},"16":{"start":{"line":22,"column":4},"end":{"line":22,"column":84}},"17":{"start":{"line":26,"column":22},"end":{"line":28,"column":1}},"18":{"start":{"line":27,"column":4},"end":{"line":27,"column":82}},"19":{"start":{"line":31,"column":27},"end":{"line":33,"column":1}},"20":{"start":{"line":32,"column":4},"end":{"line":32,"column":87}},"21":{"start":{"line":37,"column":26},"end":{"line":39,"column":1}},"22":{"start":{"line":38,"column":4},"end":{"line":38,"column":45}},"23":{"start":{"line":42,"column":24},"end":{"line":56,"column":1}},"24":{"start":{"line":43,"column":20},"end":{"line":43,"column":24}},"25":{"start":{"line":45,"column":19},"end":{"line":45,"column":23}},"26":{"start":{"line":46,"column":19},"end":{"line":46,"column":28}},"27":{"start":{"line":48,"column":12},"end":{"line":48,"column":37}},"28":{"start":{"line":50,"column":8},"end":{"line":52,"column":9}},"29":{"start":{"line":51,"column":12},"end":{"line":51,"column":35}},"30":{"start":{"line":53,"column":8},"end":{"line":53,"column":42}},"31":{"start":{"line":55,"column":4},"end":{"line":55,"column":18}},"32":{"start":{"line":59,"column":18},"end":{"line":69,"column":1}},"33":{"start":{"line":60,"column":4},"end":{"line":68,"column":5}},"34":{"start":{"line":61,"column":8},"end":{"line":63,"column":9}},"35":{"start":{"line":62,"column":12},"end":{"line":62,"column":57}},"36":{"start":{"line":65,"column":8},"end":{"line":67,"column":9}},"37":{"start":{"line":66,"column":12},"end":{"line":66,"column":54}},"38":{"start":{"line":72,"column":19},"end":{"line":82,"column":1}},"39":{"start":{"line":73,"column":4},"end":{"line":81,"column":5}},"40":{"start":{"line":74,"column":8},"end":{"line":76,"column":9}},"41":{"start":{"line":75,"column":12},"end":{"line":75,"column":62}},"42":{"start":{"line":78,"column":8},"end":{"line":80,"column":9}},"43":{"start":{"line":79,"column":12},"end":{"line":79,"column":54}},"44":{"start":{"line":86,"column":27},"end":{"line":95,"column":1}},"45":{"start":{"line":87,"column":4},"end":{"line":87,"column":29}},"46":{"start":{"line":87,"column":18},"end":{"line":87,"column":29}},"47":{"start":{"line":88,"column":4},"end":{"line":88,"column":45}},"48":{"start":{"line":88,"column":33},"end":{"line":88,"column":45}},"49":{"start":{"line":89,"column":4},"end":{"line":89,"column":45}},"50":{"start":{"line":89,"column":33},"end":{"line":89,"column":45}},"51":{"start":{"line":90,"column":4},"end":{"line":90,"column":43}},"52":{"start":{"line":90,"column":31},"end":{"line":90,"column":43}},"53":{"start":{"line":91,"column":4},"end":{"line":93,"column":5}},"54":{"start":{"line":91,"column":17},"end":{"line":91,"column":18}},"55":{"start":{"line":92,"column":8},"end":{"line":92,"column":39}},"56":{"start":{"line":92,"column":27},"end":{"line":92,"column":39}},"57":{"start":{"line":94,"column":4},"end":{"line":94,"column":15}}},"fnMap":{"0":{"name":"(anonymous_0)","decl":{"start":{"line":2,"column":30},"end":{"line":2,"column":31}},"loc":{"start":{"line":2,"column":54},"end":{"line":17,"column":1}},"line":2},"1":{"name":"(anonymous_1)","decl":{"start":{"line":21,"column":24},"end":{"line":21,"column":25}},"loc":{"start":{"line":21,"column":41},"end":{"line":23,"column":1}},"line":21},"2":{"name":"(anonymous_2)","decl":{"start":{"line":26,"column":22},"end":{"line":26,"column":23}},"loc":{"start":{"line":26,"column":39},"end":{"line":28,"column":1}},"line":26},"3":{"name":"(anonymous_3)","decl":{"start":{"line":31,"column":27},"end":{"line":31,"column":28}},"loc":{"start":{"line":31,"column":44},"end":{"line":33,"column":1}},"line":31},"4":{"name":"(anonymous_4)","decl":{"start":{"line":37,"column":26},"end":{"line":37,"column":27}},"loc":{"start":{"line":37,"column":32},"end":{"line":39,"column":1}},"line":37},"5":{"name":"(anonymous_5)","decl":{"start":{"line":42,"column":24},"end":{"line":42,"column":25}},"loc":{"start":{"line":42,"column":51},"end":{"line":56,"column":1}},"line":42},"6":{"name":"wrapper","decl":{"start":{"line":44,"column":13},"end":{"line":44,"column":20}},"loc":{"start":{"line":44,"column":23},"end":{"line":54,"column":5}},"line":44},"7":{"name":"exec","decl":{"start":{"line":47,"column":17},"end":{"line":47,"column":21}},"loc":{"start":{"line":47,"column":25},"end":{"line":49,"column":9}},"line":47},"8":{"name":"(anonymous_8)","decl":{"start":{"line":59,"column":18},"end":{"line":59,"column":19}},"loc":{"start":{"line":59,"column":53},"end":{"line":69,"column":1}},"line":59},"9":{"name":"(anonymous_9)","decl":{"start":{"line":72,"column":19},"end":{"line":72,"column":20}},"loc":{"start":{"line":72,"column":54},"end":{"line":82,"column":1}},"line":72},"10":{"name":"(anonymous_10)","decl":{"start":{"line":86,"column":27},"end":{"line":86,"column":28}},"loc":{"start":{"line":86,"column":37},"end":{"line":95,"column":1}},"line":86}},"branchMap":{"0":{"loc":{"start":{"line":3,"column":11},"end":{"line":3,"column":21}},"type":"binary-expr","locations":[{"start":{"line":3,"column":11},"end":{"line":3,"column":15}},{"start":{"line":3,"column":19},"end":{"line":3,"column":21}}],"line":3},"1":{"loc":{"start":{"line":9,"column":8},"end":{"line":9,"column":28}},"type":"if","locations":[{"start":{"line":9,"column":8},"end":{"line":9,"column":28}},{"start":{"line":9,"column":8},"end":{"line":9,"column":28}}],"line":9},"2":{"loc":{"start":{"line":10,"column":8},"end":{"line":13,"column":9}},"type":"if","locations":[{"start":{"line":10,"column":8},"end":{"line":13,"column":9}},{"start":{"line":10,"column":8},"end":{"line":13,"column":9}}],"line":10},"3":{"loc":{"start":{"line":50,"column":8},"end":{"line":52,"column":9}},"type":"if","locations":[{"start":{"line":50,"column":8},"end":{"line":52,"column":9}},{"start":{"line":50,"column":8},"end":{"line":52,"column":9}}],"line":50},"4":{"loc":{"start":{"line":60,"column":4},"end":{"line":68,"column":5}},"type":"if","locations":[{"start":{"line":60,"column":4},"end":{"line":68,"column":5}},{"start":{"line":60,"column":4},"end":{"line":68,"column":5}}],"line":60},"5":{"loc":{"start":{"line":61,"column":8},"end":{"line":63,"column":9}},"type":"if","locations":[{"start":{"line":61,"column":8},"end":{"line":63,"column":9}},{"start":{"line":61,"column":8},"end":{"line":63,"column":9}}],"line":61},"6":{"loc":{"start":{"line":61,"column":12},"end":{"line":61,"column":39}},"type":"binary-expr","locations":[{"start":{"line":61,"column":12},"end":{"line":61,"column":19}},{"start":{"line":61,"column":23},"end":{"line":61,"column":28}},{"start":{"line":61,"column":32},"end":{"line":61,"column":39}}],"line":61},"7":{"loc":{"start":{"line":65,"column":8},"end":{"line":67,"column":9}},"type":"if","locations":[{"start":{"line":65,"column":8},"end":{"line":67,"column":9}},{"start":{"line":65,"column":8},"end":{"line":67,"column":9}}],"line":65},"8":{"loc":{"start":{"line":65,"column":12},"end":{"line":65,"column":39}},"type":"binary-expr","locations":[{"start":{"line":65,"column":12},"end":{"line":65,"column":19}},{"start":{"line":65,"column":23},"end":{"line":65,"column":28}},{"start":{"line":65,"column":32},"end":{"line":65,"column":39}}],"line":65},"9":{"loc":{"start":{"line":73,"column":4},"end":{"line":81,"column":5}},"type":"if","locations":[{"start":{"line":73,"column":4},"end":{"line":81,"column":5}},{"start":{"line":73,"column":4},"end":{"line":81,"column":5}}],"line":73},"10":{"loc":{"start":{"line":74,"column":8},"end":{"line":76,"column":9}},"type":"if","locations":[{"start":{"line":74,"column":8},"end":{"line":76,"column":9}},{"start":{"line":74,"column":8},"end":{"line":76,"column":9}}],"line":74},"11":{"loc":{"start":{"line":74,"column":12},"end":{"line":74,"column":39}},"type":"binary-expr","locations":[{"start":{"line":74,"column":12},"end":{"line":74,"column":19}},{"start":{"line":74,"column":23},"end":{"line":74,"column":28}},{"start":{"line":74,"column":32},"end":{"line":74,"column":39}}],"line":74},"12":{"loc":{"start":{"line":78,"column":8},"end":{"line":80,"column":9}},"type":"if","locations":[{"start":{"line":78,"column":8},"end":{"line":80,"column":9}},{"start":{"line":78,"column":8},"end":{"line":80,"column":9}}],"line":78},"13":{"loc":{"start":{"line":78,"column":12},"end":{"line":78,"column":28}},"type":"binary-expr","locations":[{"start":{"line":78,"column":12},"end":{"line":78,"column":19}},{"start":{"line":78,"column":23},"end":{"line":78,"column":28}}],"line":78},"14":{"loc":{"start":{"line":87,"column":4},"end":{"line":87,"column":29}},"type":"if","locations":[{"start":{"line":87,"column":4},"end":{"line":87,"column":29}},{"start":{"line":87,"column":4},"end":{"line":87,"column":29}}],"line":87},"15":{"loc":{"start":{"line":88,"column":4},"end":{"line":88,"column":45}},"type":"if","locations":[{"start":{"line":88,"column":4},"end":{"line":88,"column":45}},{"start":{"line":88,"column":4},"end":{"line":88,"column":45}}],"line":88},"16":{"loc":{"start":{"line":89,"column":4},"end":{"line":89,"column":45}},"type":"if","locations":[{"start":{"line":89,"column":4},"end":{"line":89,"column":45}},{"start":{"line":89,"column":4},"end":{"line":89,"column":45}}],"line":89},"17":{"loc":{"start":{"line":90,"column":4},"end":{"line":90,"column":43}},"type":"if","locations":[{"start":{"line":90,"column":4},"end":{"line":90,"column":43}},{"start":{"line":90,"column":4},"end":{"line":90,"column":43}}],"line":90},"18":{"loc":{"start":{"line":92,"column":8},"end":{"line":92,"column":39}},"type":"if","locations":[{"start":{"line":92,"column":8},"end":{"line":92,"column":39}},{"start":{"line":92,"column":8},"end":{"line":92,"column":39}}],"line":92}},"s":{"0":6,"1":6,"2":6,"3":6,"4":6,"5":6,"6":6,"7":10,"8":10,"9":1,"10":9,"11":5,"12":5,"13":4,"14":6,"15":6,"16":13,"17":6,"18":13,"19":6,"20":13,"21":6,"22":1,"23":6,"24":180,"25":18,"26":18,"27":15,"28":18,"29":5,"30":18,"31":180,"32":6,"33":36,"34":34,"35":33,"36":2,"37":1,"38":6,"39":6,"40":4,"41":1,"42":2,"43":1,"44":6,"45":22,"46":7,"47":15,"48":6,"49":9,"50":1,"51":8,"52":5,"53":3,"54":3,"55":9,"56":1,"57":2},"f":{"0":6,"1":13,"2":13,"3":13,"4":1,"5":180,"6":18,"7":15,"8":36,"9":6,"10":22},"b":{"0":[6,1],"1":[1,9],"2":[5,4],"3":[5,13],"4":[34,2],"5":[33,1],"6":[34,34,34],"7":[1,1],"8":[2,2,1],"9":[4,2],"10":[1,3],"11":[4,4,3],"12":[1,1],"13":[2,2],"14":[7,15],"15":[6,9],"16":[1,8],"17":[5,3],"18":[1,8]},"_coverageSchema":"43e27e138ebf9cfc5966b082cf9a028302ed4184","hash":"484f294dd5dec95df57e3ff330c959e8f7e40f66"}
,"/Users/xushijie/Desktop/myself/j-ui-library/tests/util.js": {"path":"/Users/xushijie/Desktop/myself/j-ui-library/tests/util.js","statementMap":{"0":{"start":{"line":1,"column":28},"end":{"line":4,"column":1}},"1":{"start":{"line":2,"column":4},"end":{"line":2,"column":33}},"2":{"start":{"line":3,"column":4},"end":{"line":3,"column":31}},"3":{"start":{"line":7,"column":28},"end":{"line":12,"column":1}},"4":{"start":{"line":8,"column":18},"end":{"line":8,"column":53}},"5":{"start":{"line":9,"column":4},"end":{"line":9,"column":25}},"6":{"start":{"line":10,"column":4},"end":{"line":10,"column":27}},"7":{"start":{"line":11,"column":4},"end":{"line":11,"column":13}}},"fnMap":{"0":{"name":"(anonymous_0)","decl":{"start":{"line":1,"column":28},"end":{"line":1,"column":29}},"loc":{"start":{"line":1,"column":42},"end":{"line":4,"column":1}},"line":1},"1":{"name":"(anonymous_1)","decl":{"start":{"line":7,"column":28},"end":{"line":7,"column":29}},"loc":{"start":{"line":7,"column":48},"end":{"line":12,"column":1}},"line":7}},"branchMap":{},"s":{"0":1,"1":7,"2":7,"3":1,"4":14,"5":14,"6":14,"7":14},"f":{"0":7,"1":14},"b":{},"_coverageSchema":"43e27e138ebf9cfc5966b082cf9a028302ed4184","hash":"ac53cf6b6ca873d638bb8756e2d3feb34e28ab3f"}
}
