TN:
SF:/Users/xushijie/Desktop/myself/j-ui-library/src/mixins/emitter.js
FN:4,(anonymous_0)
FN:8,(anonymous_1)
FN:25,broadcast
FN:26,(anonymous_3)
FNF:4
FNH:4
FNDA:78,(anonymous_0)
FNDA:7,(anonymous_1)
FNDA:249,broadcast
FNDA:242,(anonymous_3)
DA:5,78
DA:9,7
DA:10,7
DA:11,7
DA:12,10
DA:13,10
DA:14,9
DA:17,7
DA:18,6
DA:26,249
DA:27,242
DA:28,242
DA:29,71
DA:31,171
LF:14
LH:14
BRDA:11,0,0,17
BRDA:11,0,1,16
BRDA:11,0,2,15
BRDA:13,1,0,9
BRDA:13,1,1,1
BRDA:17,2,0,6
BRDA:17,2,1,1
BRDA:28,3,0,71
BRDA:28,3,1,171
BRF:9
BRH:9
end_of_record
TN:
SF:/Users/xushijie/Desktop/myself/j-ui-library/src/mixins/vue-popper.js
FN:6,(anonymous_0)
FN:28,(anonymous_1)
FN:39,(anonymous_2)
FN:45,(anonymous_3)
FN:77,(anonymous_4)
FN:85,(anonymous_5)
FN:90,(anonymous_6)
FN:101,(anonymous_7)
FNF:8
FNH:8
FNDA:121,(anonymous_0)
FNDA:121,(anonymous_1)
FNDA:13,(anonymous_2)
FNDA:54,(anonymous_3)
FNDA:72,(anonymous_4)
FNDA:3,(anonymous_5)
FNDA:50,(anonymous_6)
FNDA:3,(anonymous_7)
DA:7,121
DA:29,121
DA:40,13
DA:46,54
DA:47,54
DA:48,54
DA:50,53
DA:51,53
DA:52,53
DA:54,51
DA:56,51
DA:57,50
DA:60,51
DA:61,1
DA:65,51
DA:66,51
DA:67,51
DA:68,51
DA:72,51
DA:74,51
DA:78,72
DA:79,72
DA:80,29
DA:82,43
DA:86,3
DA:87,1
DA:88,1
DA:92,50
DA:94,50
DA:96,50
DA:98,50
DA:102,3
DA:103,3
DA:104,1
LF:34
LH:34
BRDA:40,0,0,13
BRDA:40,0,1,8
BRDA:46,1,0,54
BRDA:46,1,1,54
BRDA:48,2,0,1
BRDA:48,2,1,53
BRDA:51,3,0,53
BRDA:51,3,1,5
BRDA:52,4,0,2
BRDA:52,4,1,51
BRDA:52,5,0,53
BRDA:52,5,1,52
BRDA:54,6,0,50
BRDA:54,6,1,1
BRDA:56,7,0,50
BRDA:56,7,1,1
BRDA:60,8,0,1
BRDA:60,8,1,50
BRDA:74,9,0,51
BRDA:74,9,1,51
BRDA:74,10,0,51
BRDA:74,10,1,51
BRDA:79,11,0,29
BRDA:79,11,1,43
BRDA:86,12,0,2
BRDA:86,12,1,1
BRDA:103,13,0,1
BRDA:103,13,1,2
BRDA:103,14,0,3
BRDA:103,14,1,2
BRF:30
BRH:30
end_of_record
TN:
SF:/Users/xushijie/Desktop/myself/j-ui-library/src/packages/autocomplete/index.js
FN:3,(anonymous_0)
FNF:1
FNH:1
FNDA:1,(anonymous_0)
DA:3,2
DA:4,1
LF:2
LH:2
BRF:0
BRH:0
end_of_record
TN:
SF:/Users/xushijie/Desktop/myself/j-ui-library/src/packages/autocomplete/src/autocomplete-suggest.vue
FN:12,(anonymous_1)
FN:17,(anonymous_2)
FN:18,(anonymous_3)
FN:23,(anonymous_4)
FN:43,(anonymous_5)
FN:47,(anonymous_6)
FNF:6
FNH:6
FNDA:34,(anonymous_1)
FNDA:34,(anonymous_2)
FNDA:8,(anonymous_3)
FNDA:47,(anonymous_4)
FNDA:34,(anonymous_5)
FNDA:13,(anonymous_6)
DA:2,2
DA:3,2
DA:13,34
DA:18,34
DA:19,8
DA:20,8
DA:23,47
DA:25,47
DA:27,47
DA:44,34
DA:45,34
DA:48,13
LF:12
LH:12
BRDA:27,0,0,47
BRDA:27,0,1,11
BRDA:48,1,0,13
BRDA:48,1,1,8
BRF:4
BRH:4
end_of_record
TN:
SF:/Users/xushijie/Desktop/myself/j-ui-library/src/packages/autocomplete/src/main.vue
FN:15,(anonymous_1)
FN:65,(anonymous_2)
FN:68,(anonymous_3)
FN:75,(anonymous_4)
FN:81,(anonymous_5)
FN:82,(anonymous_6)
FN:90,(anonymous_7)
FN:95,(anonymous_8)
FN:100,(anonymous_9)
FN:104,(anonymous_10)
FN:108,(anonymous_11)
FN:111,(anonymous_12)
FN:114,(anonymous_13)
FN:117,(anonymous_14)
FN:121,(anonymous_15)
FN:125,(anonymous_16)
FN:128,(anonymous_17)
FN:131,(anonymous_18)
FN:155,(anonymous_19)
FN:181,(anonymous_20)
FNF:20
FNH:20
FNDA:34,(anonymous_1)
FNDA:34,(anonymous_2)
FNDA:47,(anonymous_3)
FNDA:8,(anonymous_4)
FNDA:3,(anonymous_5)
FNDA:3,(anonymous_6)
FNDA:43,(anonymous_7)
FNDA:8,(anonymous_8)
FNDA:2,(anonymous_9)
FNDA:3,(anonymous_10)
FNDA:1,(anonymous_11)
FNDA:42,(anonymous_12)
FNDA:2,(anonymous_13)
FNDA:2,(anonymous_14)
FNDA:34,(anonymous_15)
FNDA:34,(anonymous_16)
FNDA:1,(anonymous_17)
FNDA:43,(anonymous_18)
FNDA:7,(anonymous_19)
FNDA:2,(anonymous_20)
DA:2,2
DA:3,2
DA:4,2
DA:5,2
DA:6,2
DA:16,34
DA:66,34
DA:69,47
DA:70,47
DA:71,47
DA:76,8
DA:77,8
DA:82,3
DA:83,3
DA:84,2
DA:86,1
DA:91,43
DA:92,43
DA:93,43
DA:94,172
DA:95,12
DA:98,43
DA:101,2
DA:102,2
DA:105,3
DA:106,3
DA:109,1
DA:112,42
DA:115,2
DA:116,2
DA:117,2
DA:118,2
DA:122,34
DA:126,34
DA:129,1
DA:131,43
DA:134,43
DA:136,43
DA:147,43
DA:155,43
DA:181,7
DA:184,2
LF:42
LH:42
BRDA:66,0,0,66
BRDA:66,0,1,64
BRDA:70,1,0,47
BRDA:70,1,1,47
BRDA:71,2,0,47
BRDA:71,2,1,11
BRDA:83,3,0,2
BRDA:83,3,1,1
BRDA:94,4,0,4
BRDA:94,4,1,168
BRDA:147,5,0,4
BRDA:147,5,1,39
BRF:12
BRH:12
end_of_record
TN:
SF:/Users/xushijie/Desktop/myself/j-ui-library/src/packages/bubble/index.js
FN:4,(anonymous_0)
FNF:1
FNH:1
FNDA:1,(anonymous_0)
DA:4,2
DA:5,1
LF:2
LH:2
BRF:0
BRH:0
end_of_record
TN:
SF:/Users/xushijie/Desktop/myself/j-ui-library/src/packages/bubble/src/main.vue
FN:8,(anonymous_1)
FN:22,(anonymous_2)
FN:26,(anonymous_3)
FN:31,(anonymous_4)
FN:39,(anonymous_5)
FN:43,(anonymous_6)
FN:46,(anonymous_7)
FN:49,(anonymous_8)
FN:52,(anonymous_9)
FN:56,(anonymous_10)
FN:60,(anonymous_11)
FN:64,(anonymous_12)
FN:75,(anonymous_13)
FNF:13
FNH:13
FNDA:14,(anonymous_1)
FNDA:12,(anonymous_2)
FNDA:1,(anonymous_3)
FNDA:14,(anonymous_4)
FNDA:5,(anonymous_5)
FNDA:1,(anonymous_6)
FNDA:1,(anonymous_7)
FNDA:10,(anonymous_8)
FNDA:5,(anonymous_9)
FNDA:5,(anonymous_10)
FNDA:5,(anonymous_11)
FNDA:48,(anonymous_12)
FNDA:19,(anonymous_13)
DA:2,2
DA:3,2
DA:9,14
DA:23,12
DA:27,1
DA:28,1
DA:29,1
DA:32,15
DA:33,14
DA:34,12
DA:35,12
DA:36,12
DA:37,12
DA:40,5
DA:44,1
DA:47,1
DA:50,10
DA:53,7
DA:54,3
DA:57,5
DA:58,5
DA:61,5
DA:62,5
DA:65,48
DA:66,48
DA:67,48
DA:68,48
DA:69,46
DA:72,48
DA:75,19
DA:78,20
DA:79,19
DA:81,17
DA:84,17
DA:91,17
DA:108,17
LF:36
LH:36
BRDA:23,0,0,22
BRDA:23,0,1,20
BRDA:32,1,0,1
BRDA:32,1,1,13
BRDA:33,2,0,1
BRDA:33,2,1,12
BRDA:40,3,0,5
BRDA:40,3,1,5
BRDA:53,4,0,2
BRDA:53,4,1,3
BRDA:68,5,0,46
BRDA:68,5,1,2
BRDA:68,6,0,48
BRDA:68,6,1,48
BRDA:78,7,0,1
BRDA:78,7,1,18
BRDA:79,8,0,1
BRDA:79,8,1,17
BRDA:84,9,0,2
BRDA:84,9,1,15
BRDA:91,10,0,1
BRDA:91,10,1,16
BRF:22
BRH:22
end_of_record
TN:
SF:/Users/xushijie/Desktop/myself/j-ui-library/src/packages/button/index.js
FN:3,(anonymous_0)
FNF:1
FNH:1
FNDA:1,(anonymous_0)
DA:3,2
DA:4,1
LF:2
LH:2
BRF:0
BRH:0
end_of_record
TN:
SF:/Users/xushijie/Desktop/myself/j-ui-library/src/packages/button/src/main.vue
FN:11,(anonymous_1)
FN:16,(anonymous_2)
FN:20,(anonymous_3)
FNF:3
FNH:3
FNDA:9,(anonymous_1)
FNDA:1,(anonymous_2)
FNDA:9,(anonymous_3)
DA:12,9
DA:17,1
DA:20,9
DA:22,9
DA:24,9
DA:31,9
DA:47,9
LF:7
LH:7
BRDA:12,0,0,16
BRDA:12,0,1,14
BRDA:24,1,0,4
BRDA:24,1,1,23
BRDA:31,2,0,3
BRDA:31,2,1,6
BRF:6
BRH:6
end_of_record
TN:
SF:/Users/xushijie/Desktop/myself/j-ui-library/src/packages/card/index.js
FN:3,(anonymous_0)
FNF:1
FNH:1
FNDA:1,(anonymous_0)
DA:3,2
DA:4,1
LF:2
LH:2
BRF:0
BRH:0
end_of_record
TN:
SF:/Users/xushijie/Desktop/myself/j-ui-library/src/packages/card/src/main.vue
FN:17,(anonymous_1)
FN:22,(anonymous_2)
FN:25,(anonymous_3)
FN:29,(anonymous_4)
FNF:4
FNH:4
FNDA:21,(anonymous_1)
FNDA:1,(anonymous_2)
FNDA:1,(anonymous_3)
FNDA:21,(anonymous_4)
DA:18,21
DA:23,1
DA:26,1
DA:29,21
DA:31,21
DA:33,21
DA:40,21
DA:48,21
DA:52,21
DA:60,21
DA:77,21
DA:111,21
LF:12
LH:12
BRDA:18,0,0,40
BRDA:18,0,1,38
BRDA:33,1,0,63
BRDA:33,1,1,63
BRDA:40,2,0,12
BRDA:40,2,1,51
BRDA:48,3,0,1
BRDA:48,3,1,20
BRDA:52,4,0,10
BRDA:52,4,1,32
BRDA:60,5,0,21
BRDA:60,5,1,1
BRDA:60,6,0,1
BRDA:60,6,1,20
BRDA:77,7,0,21
BRDA:77,7,1,4
BRDA:77,7,2,2
BRDA:77,8,0,15
BRDA:77,8,1,6
BRDA:88,9,0,1
BRDA:88,9,1,14
BRDA:77,10,0,6
BRDA:77,10,1,15
BRDA:77,11,0,6
BRDA:77,11,1,15
BRDA:100,12,0,1
BRDA:100,12,1,5
BRDA:102,13,0,21
BRDA:102,13,1,4
BRDA:102,13,2,19
BRF:30
BRH:30
end_of_record
TN:
SF:/Users/xushijie/Desktop/myself/j-ui-library/src/packages/input/index.js
FN:3,(anonymous_0)
FNF:1
FNH:1
FNDA:1,(anonymous_0)
DA:3,4
DA:4,1
LF:2
LH:2
BRF:0
BRH:0
end_of_record
TN:
SF:/Users/xushijie/Desktop/myself/j-ui-library/src/packages/input/src/main.vue
FN:34,(anonymous_1)
FN:43,(anonymous_2)
FN:46,(anonymous_3)
FN:49,(anonymous_4)
FN:52,(anonymous_5)
FN:55,(anonymous_6)
FN:58,(anonymous_7)
FN:63,(anonymous_8)
FN:67,(anonymous_9)
FN:84,(anonymous_10)
FN:88,(anonymous_11)
FN:92,(anonymous_12)
FN:94,(anonymous_13)
FN:98,(anonymous_14)
FN:101,(anonymous_15)
FN:104,(anonymous_16)
FN:107,(anonymous_17)
FN:112,(anonymous_18)
FN:117,(anonymous_19)
FN:120,(anonymous_20)
FN:125,(anonymous_21)
FN:128,(anonymous_22)
FN:132,(anonymous_23)
FN:137,(anonymous_24)
FN:142,(anonymous_25)
FN:146,(anonymous_26)
FN:150,(anonymous_27)
FN:193,(anonymous_28)
FNF:28
FNH:28
FNDA:154,(anonymous_1)
FNDA:154,(anonymous_2)
FNDA:154,(anonymous_3)
FNDA:170,(anonymous_4)
FNDA:153,(anonymous_5)
FNDA:179,(anonymous_6)
FNDA:154,(anonymous_7)
FNDA:260,(anonymous_8)
FNDA:520,(anonymous_9)
FNDA:25,(anonymous_10)
FNDA:22,(anonymous_11)
FNDA:4,(anonymous_12)
FNDA:4,(anonymous_13)
FNDA:241,(anonymous_14)
FNDA:20,(anonymous_15)
FNDA:1,(anonymous_16)
FNDA:178,(anonymous_17)
FNDA:7,(anonymous_18)
FNDA:1,(anonymous_19)
FNDA:2,(anonymous_20)
FNDA:1,(anonymous_21)
FNDA:1,(anonymous_22)
FNDA:1,(anonymous_23)
FNDA:154,(anonymous_24)
FNDA:107,(anonymous_25)
FNDA:25,(anonymous_26)
FNDA:261,(anonymous_27)
FNDA:6,(anonymous_28)
DA:35,154
DA:44,154
DA:47,154
DA:50,170
DA:53,153
DA:56,179
DA:59,154
DA:64,260
DA:65,260
DA:69,520
DA:71,863
DA:73,177
DA:78,177
DA:79,177
DA:80,2
DA:81,2
DA:85,25
DA:86,25
DA:89,22
DA:90,22
DA:93,4
DA:94,4
DA:95,4
DA:99,241
DA:102,20
DA:105,1
DA:108,178
DA:109,313
DA:110,43
DA:113,8
DA:114,8
DA:115,4
DA:118,1
DA:121,3
DA:122,1
DA:123,1
DA:126,1
DA:129,1
DA:130,1
DA:131,1
DA:132,1
DA:133,1
DA:138,155
DA:139,153
DA:140,153
DA:143,107
DA:147,25
DA:150,261
DA:153,261
DA:163,262
DA:165,260
DA:170,260
DA:182,260
DA:188,260
DA:193,260
DA:197,3
DA:198,3
DA:260,260
LF:58
LH:58
BRDA:44,0,0,300
BRDA:44,0,1,292
BRDA:53,1,0,153
BRDA:53,1,1,12
BRDA:53,1,2,10
BRDA:53,1,3,8
BRDA:53,1,4,2
BRDA:56,2,0,242
BRDA:56,2,1,295
BRDA:59,3,0,154
BRDA:59,3,1,10
BRDA:59,3,2,8
BRDA:59,3,3,6
BRDA:59,3,4,4
BRDA:59,3,5,2
BRDA:69,4,0,520
BRDA:69,4,1,343
BRDA:71,5,0,343
BRDA:71,5,1,177
BRDA:79,6,0,2
BRDA:79,6,1,175
BRDA:81,7,0,1
BRDA:81,7,1,1
BRDA:109,8,0,135
BRDA:109,8,1,43
BRDA:113,9,0,1
BRDA:113,9,1,6
BRDA:114,10,0,2
BRDA:114,10,1,4
BRDA:121,11,0,1
BRDA:121,11,1,1
BRDA:138,12,0,1
BRDA:138,12,1,153
BRDA:163,13,0,1
BRDA:163,13,1,260
BRDA:165,14,0,270
BRDA:165,14,1,505
BRDA:170,15,0,717
BRDA:170,15,1,1893
BRDA:182,16,0,6
BRDA:182,16,1,254
BRDA:188,17,0,6
BRDA:188,17,1,254
BRDA:193,18,0,5
BRDA:193,18,1,255
BRDA:201,19,0,15
BRDA:201,19,1,256
BRDA:201,20,0,5
BRDA:201,20,1,255
BRDA:224,21,0,158
BRDA:224,21,1,102
BRDA:229,22,0,11
BRDA:229,22,1,249
BRDA:234,23,0,3
BRDA:234,23,1,257
BRDA:242,24,0,5
BRDA:242,24,1,255
BRF:57
BRH:57
end_of_record
TN:
SF:/Users/xushijie/Desktop/myself/j-ui-library/src/packages/option/index.js
FN:4,(anonymous_0)
FNF:1
FNH:1
FNDA:1,(anonymous_0)
DA:4,1
DA:5,1
LF:2
LH:2
BRF:0
BRH:0
end_of_record
TN:
SF:/Users/xushijie/Desktop/myself/j-ui-library/src/packages/scrollbar/index.js
FNF:0
FNH:0
LF:0
LH:0
BRF:0
BRH:0
end_of_record
TN:
SF:/Users/xushijie/Desktop/myself/j-ui-library/src/packages/scrollbar/src/bar.vue
FN:8,(anonymous_1)
FN:12,(anonymous_2)
FNF:2
FNH:2
FNDA:194,(anonymous_1)
FNDA:194,(anonymous_2)
DA:2,3
DA:9,194
DA:12,194
DA:14,194
DA:17,194
DA:22,194
LF:6
LH:6
BRDA:9,0,0,97
BRDA:9,0,1,97
BRF:2
BRH:2
end_of_record
TN:
SF:/Users/xushijie/Desktop/myself/j-ui-library/src/packages/scrollbar/src/main.vue
FN:9,(anonymous_1)
FN:24,(anonymous_2)
FN:31,(anonymous_3)
FN:35,(anonymous_4)
FNF:4
FNH:2
FNDA:97,(anonymous_1)
FNDA:0,(anonymous_2)
FNDA:0,(anonymous_3)
FNDA:202,(anonymous_4)
DA:3,3
DA:10,97
DA:25,0
DA:26,0
DA:27,0
DA:32,0
DA:40,202
DA:45,202
DA:52,202
LF:9
LH:5
BRF:0
BRH:0
end_of_record
TN:
SF:/Users/xushijie/Desktop/myself/j-ui-library/src/packages/scrollbar/src/util.js
FNF:0
FNH:0
DA:1,3
LF:1
LH:1
BRF:0
BRH:0
end_of_record
TN:
SF:/Users/xushijie/Desktop/myself/j-ui-library/src/packages/select/index.js
FN:3,(anonymous_0)
FNF:1
FNH:1
FNDA:1,(anonymous_0)
DA:3,2
DA:4,1
LF:2
LH:2
BRF:0
BRH:0
end_of_record
TN:
SF:/Users/xushijie/Desktop/myself/j-ui-library/src/packages/select/src/main.vue
FN:16,(anonymous_1)
FN:33,(anonymous_2)
FN:81,(anonymous_3)
FN:84,(anonymous_4)
FN:90,(anonymous_5)
FN:94,(anonymous_6)
FN:108,(anonymous_7)
FN:140,(anonymous_8)
FN:141,(anonymous_9)
FN:153,(anonymous_10)
FN:157,(anonymous_11)
FN:160,(anonymous_12)
FN:163,(anonymous_13)
FN:166,(anonymous_14)
FN:169,(anonymous_15)
FN:170,(anonymous_16)
FN:174,(anonymous_18)
FN:178,(anonymous_19)
FN:181,(anonymous_20)
FN:186,(anonymous_21)
FN:191,(anonymous_22)
FN:194,(anonymous_23)
FN:202,(anonymous_24)
FN:204,(anonymous_25)
FN:205,(anonymous_26)
FN:210,(anonymous_27)
FN:211,(anonymous_28)
FN:214,(anonymous_29)
FN:219,(anonymous_30)
FN:223,(anonymous_31)
FN:229,(anonymous_32)
FN:234,(anonymous_33)
FN:253,(anonymous_34)
FN:258,(anonymous_35)
FN:265,(anonymous_36)
FN:266,(anonymous_37)
FN:273,(anonymous_38)
FN:277,(anonymous_39)
FN:284,(anonymous_40)
FN:288,(anonymous_41)
FN:293,(anonymous_42)
FN:307,(anonymous_43)
FN:325,(anonymous_44)
FN:328,(anonymous_45)
FN:333,(anonymous_46)
FN:339,(anonymous_47)
FN:340,(anonymous_48)
FN:342,(anonymous_49)
FN:351,(anonymous_50)
FN:357,(anonymous_51)
FN:365,(anonymous_52)
FN:368,(anonymous_53)
FN:378,(anonymous_54)
FN:426,(anonymous_55)
FN:435,(anonymous_56)
FN:448,(anonymous_57)
FN:420,(anonymous_58)
FNF:57
FNH:57
FNDA:63,(anonymous_1)
FNDA:63,(anonymous_2)
FNDA:1,(anonymous_3)
FNDA:4,(anonymous_4)
FNDA:7,(anonymous_5)
FNDA:10,(anonymous_6)
FNDA:30,(anonymous_7)
FNDA:101,(anonymous_8)
FNDA:32,(anonymous_9)
FNDA:75,(anonymous_10)
FNDA:63,(anonymous_11)
FNDA:63,(anonymous_12)
FNDA:83,(anonymous_13)
FNDA:63,(anonymous_14)
FNDA:94,(anonymous_15)
FNDA:116,(anonymous_16)
FNDA:63,(anonymous_18)
FNDA:4,(anonymous_19)
FNDA:3,(anonymous_20)
FNDA:63,(anonymous_21)
FNDA:2,(anonymous_22)
FNDA:1,(anonymous_23)
FNDA:73,(anonymous_24)
FNDA:60,(anonymous_25)
FNDA:59,(anonymous_26)
FNDA:8,(anonymous_27)
FNDA:8,(anonymous_28)
FNDA:2,(anonymous_29)
FNDA:2,(anonymous_30)
FNDA:4,(anonymous_31)
FNDA:7,(anonymous_32)
FNDA:4,(anonymous_33)
FNDA:4,(anonymous_34)
FNDA:17,(anonymous_35)
FNDA:19,(anonymous_36)
FNDA:19,(anonymous_37)
FNDA:19,(anonymous_38)
FNDA:20,(anonymous_39)
FNDA:63,(anonymous_40)
FNDA:73,(anonymous_41)
FNDA:16,(anonymous_42)
FNDA:60,(anonymous_43)
FNDA:1,(anonymous_44)
FNDA:155,(anonymous_45)
FNDA:4,(anonymous_46)
FNDA:29,(anonymous_47)
FNDA:29,(anonymous_48)
FNDA:58,(anonymous_49)
FNDA:4,(anonymous_50)
FNDA:8,(anonymous_51)
FNDA:2,(anonymous_52)
FNDA:4,(anonymous_53)
FNDA:155,(anonymous_54)
FNDA:18,(anonymous_55)
FNDA:1,(anonymous_56)
FNDA:4,(anonymous_57)
FNDA:5,(anonymous_58)
DA:2,2
DA:3,2
DA:4,2
DA:5,2
DA:6,2
DA:7,2
DA:8,2
DA:17,63
DA:34,63
DA:82,1
DA:86,4
DA:87,3
DA:89,5
DA:90,3
DA:91,7
DA:95,10
DA:96,8
DA:97,4
DA:99,4
DA:101,8
DA:102,2
DA:103,2
DA:106,10
DA:109,30
DA:111,8
DA:112,8
DA:113,8
DA:115,6
DA:116,6
DA:118,5
DA:123,22
DA:124,22
DA:125,22
DA:126,14
DA:128,11
DA:129,11
DA:130,9
DA:131,9
DA:136,30
DA:141,133
DA:142,101
DA:143,3
DA:145,98
DA:146,1
DA:148,97
DA:149,68
DA:151,29
DA:154,75
DA:155,75
DA:158,63
DA:161,63
DA:164,83
DA:167,63
DA:170,210
DA:171,94
DA:175,63
DA:176,55
DA:178,63
DA:179,4
DA:181,63
DA:182,3
DA:184,63
DA:187,63
DA:188,63
DA:192,2
DA:195,1
DA:196,1
DA:197,1
DA:198,1
DA:199,1
DA:200,1
DA:203,73
DA:204,73
DA:205,60
DA:206,78
DA:211,8
DA:212,8
DA:213,2
DA:214,2
DA:215,2
DA:216,3
DA:217,1
DA:219,2
DA:220,2
DA:223,6
DA:224,4
DA:230,7
DA:231,6
DA:235,4
DA:236,2
DA:237,2
DA:238,2
DA:239,1
DA:241,1
DA:243,2
DA:244,2
DA:246,2
DA:247,2
DA:248,2
DA:250,4
DA:251,4
DA:254,4
DA:255,4
DA:256,4
DA:259,18
DA:260,16
DA:261,16
DA:262,14
DA:266,19
DA:267,19
DA:268,4
DA:270,15
DA:273,19
DA:274,19
DA:278,20
DA:279,4
DA:281,16
DA:285,63
DA:286,63
DA:289,73
DA:291,29
DA:292,29
DA:293,28
DA:294,16
DA:297,29
DA:298,29
DA:301,44
DA:302,44
DA:303,44
DA:305,73
DA:309,60
DA:310,54
DA:311,54
DA:312,54
DA:313,19
DA:314,19
DA:317,79
DA:319,41
DA:323,41
DA:326,1
DA:329,155
DA:330,155
DA:331,155
DA:332,310
DA:333,8
DA:336,208
DA:337,155
DA:340,29
DA:341,29
DA:342,87
DA:343,29
DA:344,29
DA:345,29
DA:348,29
DA:352,4
DA:353,3
DA:354,3
DA:358,8
DA:359,8
DA:360,1
DA:362,7
DA:366,2
DA:369,6
DA:370,2
DA:371,2
DA:372,2
DA:373,2
DA:374,2
DA:375,2
DA:378,155
DA:380,155
DA:382,155
DA:399,155
DA:409,155
DA:414,155
DA:420,155
DA:435,18
DA:439,1
DA:448,4
DA:450,4
DA:464,1
DA:475,2
DA:476,2
LF:183
LH:183
BRDA:19,0,0,21
BRDA:19,0,1,42
BRDA:86,1,0,3
BRDA:86,1,1,1
BRDA:86,2,0,4
BRDA:86,2,1,4
BRDA:89,3,0,1
BRDA:89,3,1,3
BRDA:95,4,0,8
BRDA:95,4,1,2
BRDA:96,5,0,4
BRDA:96,5,1,4
BRDA:96,6,0,8
BRDA:96,6,1,8
BRDA:101,7,0,2
BRDA:101,7,1,6
BRDA:109,8,0,8
BRDA:109,8,1,22
BRDA:113,9,0,6
BRDA:113,9,1,2
BRDA:116,10,0,5
BRDA:116,10,1,1
BRDA:123,11,0,3
BRDA:123,11,1,19
BRDA:125,12,0,14
BRDA:125,12,1,8
BRDA:126,13,0,11
BRDA:126,13,1,3
BRDA:129,14,0,9
BRDA:129,14,1,2
BRDA:142,15,0,3
BRDA:142,15,1,98
BRDA:142,16,0,101
BRDA:142,16,1,4
BRDA:142,16,2,3
BRDA:145,17,0,1
BRDA:145,17,1,97
BRDA:145,18,0,98
BRDA:145,18,1,97
BRDA:145,18,2,31
BRDA:145,18,3,10
BRDA:145,18,4,4
BRDA:148,19,0,68
BRDA:148,19,1,29
BRDA:154,20,0,60
BRDA:154,20,1,74
BRDA:154,21,0,45
BRDA:154,21,1,45
BRDA:154,21,2,45
BRDA:155,22,0,75
BRDA:155,22,1,35
BRDA:155,22,2,7
BRDA:155,22,3,5
BRDA:158,23,0,122
BRDA:158,23,1,118
BRDA:164,24,0,83
BRDA:164,24,1,39
BRDA:164,24,2,14
BRDA:167,25,0,2
BRDA:167,25,1,61
BRDA:171,26,0,94
BRDA:171,26,1,28
BRDA:171,26,2,3
BRDA:171,26,3,2
BRDA:175,27,0,55
BRDA:175,27,1,8
BRDA:175,28,0,63
BRDA:175,28,1,21
BRDA:175,28,2,20
BRDA:203,29,0,29
BRDA:203,29,1,44
BRDA:206,30,0,19
BRDA:206,30,1,40
BRDA:212,31,0,2
BRDA:212,31,1,6
BRDA:216,32,0,1
BRDA:216,32,1,1
BRDA:230,33,0,6
BRDA:230,33,1,1
BRDA:235,34,0,2
BRDA:235,34,1,2
BRDA:238,35,0,1
BRDA:238,35,1,1
BRDA:255,36,0,4
BRDA:255,36,1,2
BRDA:259,37,0,1
BRDA:259,37,1,16
BRDA:261,38,0,14
BRDA:261,38,1,2
BRDA:262,39,0,14
BRDA:262,39,1,11
BRDA:267,40,0,4
BRDA:267,40,1,15
BRDA:278,41,0,4
BRDA:278,41,1,16
BRDA:289,42,0,29
BRDA:289,42,1,44
BRDA:292,43,0,28
BRDA:292,43,1,1
BRDA:312,44,0,19
BRDA:312,44,1,35
BRDA:317,45,0,19
BRDA:317,45,1,41
BRDA:332,46,0,4
BRDA:332,46,1,306
BRDA:336,47,0,53
BRDA:336,47,1,102
BRDA:344,48,0,29
BRDA:344,48,1,29
BRDA:345,49,0,16
BRDA:345,49,1,13
BRDA:352,50,0,3
BRDA:352,50,1,1
BRDA:352,51,0,4
BRDA:352,51,1,4
BRDA:359,52,0,1
BRDA:359,52,1,7
BRDA:359,53,0,8
BRDA:359,53,1,1
BRDA:366,54,0,1
BRDA:366,54,1,1
BRDA:369,55,0,2
BRDA:369,55,1,2
BRDA:371,56,0,1
BRDA:371,56,1,1
BRDA:399,57,0,45
BRDA:399,57,1,430
BRDA:409,58,0,8
BRDA:409,58,1,147
BRDA:414,59,0,8
BRDA:414,59,1,147
BRDA:420,60,0,53
BRDA:420,60,1,102
BRDA:426,61,0,15
BRDA:426,61,1,38
BRDA:444,62,0,53
BRDA:444,62,1,23
BRDA:448,63,0,0
BRDA:448,63,1,4
BRDA:420,64,0,184
BRDA:420,64,1,155
BRDA:420,65,0,155
BRDA:420,65,1,153
BRDA:420,66,0,2
BRDA:420,66,1,153
BRDA:492,67,0,54
BRDA:492,67,1,101
BRDA:492,68,0,113
BRDA:492,68,1,42
BRF:149
BRH:148
end_of_record
TN:
SF:/Users/xushijie/Desktop/myself/j-ui-library/src/packages/select/src/option.vue
FN:17,(anonymous_1)
FN:24,(anonymous_2)
FN:27,(anonymous_3)
FN:30,(anonymous_4)
FN:39,(anonymous_5)
FN:42,(anonymous_6)
FN:45,(anonymous_7)
FN:49,(anonymous_8)
FN:60,(anonymous_9)
FN:71,(anonymous_10)
FN:75,(anonymous_11)
FNF:11
FNH:11
FNDA:51,(anonymous_1)
FNDA:51,(anonymous_2)
FNDA:51,(anonymous_3)
FNDA:76,(anonymous_4)
FNDA:16,(anonymous_5)
FNDA:4,(anonymous_6)
FNDA:3,(anonymous_7)
FNDA:94,(anonymous_8)
FNDA:4,(anonymous_9)
FNDA:51,(anonymous_10)
FNDA:2,(anonymous_11)
DA:2,2
DA:18,51
DA:25,51
DA:28,51
DA:31,76
DA:32,49
DA:34,27
DA:40,16
DA:43,4
DA:46,3
DA:49,94
DA:51,94
DA:53,94
DA:60,102
DA:72,51
DA:73,51
DA:76,2
LF:17
LH:17
BRDA:25,0,0,51
BRDA:25,0,1,50
BRDA:28,1,0,100
BRDA:28,1,1,98
BRDA:31,2,0,49
BRDA:31,2,1,27
BRDA:40,3,0,16
BRDA:40,3,1,2
BRDA:53,4,0,58
BRDA:53,4,1,224
BRF:10
BRH:10
end_of_record
TN:
SF:/Users/xushijie/Desktop/myself/j-ui-library/src/packages/select/src/optionMenu.vue
FN:10,(anonymous_1)
FN:16,(anonymous_2)
FN:20,(anonymous_3)
FN:23,(anonymous_4)
FN:29,(anonymous_5)
FN:36,(anonymous_6)
FNF:6
FNH:6
FNDA:63,(anonymous_1)
FNDA:1,(anonymous_2)
FNDA:63,(anonymous_3)
FNDA:51,(anonymous_4)
FNDA:63,(anonymous_5)
FNDA:155,(anonymous_6)
DA:2,2
DA:3,2
DA:11,63
DA:17,1
DA:21,63
DA:22,63
DA:23,63
DA:24,51
DA:26,63
DA:30,63
DA:36,155
DA:38,155
DA:40,155
DA:45,155
LF:14
LH:14
BRDA:40,0,0,2
BRDA:40,0,1,153
BRDA:45,1,0,155
BRDA:45,1,1,146
BRF:4
BRH:4
end_of_record
TN:
SF:/Users/xushijie/Desktop/myself/j-ui-library/src/packages/tag/index.js
FN:3,(anonymous_0)
FNF:1
FNH:1
FNDA:1,(anonymous_0)
DA:3,3
DA:4,1
LF:2
LH:2
BRF:0
BRH:0
end_of_record
TN:
SF:/Users/xushijie/Desktop/myself/j-ui-library/src/packages/tag/src/main.vue
FN:11,(anonymous_1)
FN:16,(anonymous_2)
FN:20,(anonymous_3)
FN:23,(anonymous_4)
FN:26,(anonymous_5)
FN:31,(anonymous_6)
FNF:6
FNH:6
FNDA:24,(anonymous_1)
FNDA:2,(anonymous_2)
FNDA:1,(anonymous_3)
FNDA:1,(anonymous_4)
FNDA:1,(anonymous_5)
FNDA:30,(anonymous_6)
DA:12,24
DA:17,2
DA:18,2
DA:21,1
DA:24,1
DA:27,1
DA:28,1
DA:31,30
DA:33,30
DA:35,30
DA:43,30
DA:60,30
LF:12
LH:12
BRDA:12,0,0,34
BRDA:12,0,1,20
BRDA:35,1,0,22
BRDA:35,1,1,68
BRDA:43,2,0,19
BRDA:43,2,1,11
BRDA:43,3,0,30
BRDA:43,3,1,19
BRDA:52,4,0,1
BRDA:52,4,1,18
BRF:10
BRH:10
end_of_record
TN:
SF:/Users/xushijie/Desktop/myself/j-ui-library/src/utils/clickoutside.js
FN:12,(anonymous_0)
FN:13,(anonymous_1)
FN:14,(anonymous_2)
FN:18,(anonymous_3)
FN:28,(anonymous_4)
FN:40,(anonymous_5)
FN:41,(anonymous_6)
FNF:7
FNH:7
FNDA:5,(anonymous_0)
FNDA:5,(anonymous_1)
FNDA:49,(anonymous_2)
FNDA:102,(anonymous_3)
FNDA:2,(anonymous_4)
FNDA:102,(anonymous_5)
FNDA:49,(anonymous_6)
DA:3,4
DA:7,4
DA:9,4
DA:12,5
DA:13,4
DA:14,49
DA:19,102
DA:20,102
DA:21,102
DA:29,2
DA:30,2
DA:31,38
DA:32,2
DA:33,2
DA:36,2
DA:40,4
DA:41,102
DA:42,49
DA:52,4
DA:54,45
DA:56,3
DA:58,42
LF:22
LH:22
BRDA:31,0,0,2
BRDA:31,0,1,36
BRDA:42,1,0,4
BRDA:42,1,1,45
BRDA:43,2,0,49
BRDA:43,2,1,49
BRDA:43,2,2,45
BRDA:43,2,3,45
BRDA:43,2,4,45
BRDA:43,2,5,45
BRDA:43,2,6,45
BRDA:43,2,7,3
BRDA:43,2,8,3
BRDA:54,3,0,3
BRDA:54,3,1,42
BRDA:54,4,0,45
BRDA:54,4,1,3
BRDA:54,4,2,3
BRDA:58,5,0,42
BRDA:58,5,1,42
BRF:20
BRH:20
end_of_record
TN:
SF:/Users/xushijie/Desktop/myself/j-ui-library/src/utils/utils.js
FN:2,(anonymous_0)
FN:21,(anonymous_1)
FN:26,(anonymous_2)
FN:31,(anonymous_3)
FN:37,(anonymous_4)
FN:42,(anonymous_5)
FN:44,wrapper
FN:47,exec
FN:59,(anonymous_8)
FN:72,(anonymous_9)
FN:86,(anonymous_10)
FNF:11
FNH:11
FNDA:6,(anonymous_0)
FNDA:13,(anonymous_1)
FNDA:13,(anonymous_2)
FNDA:13,(anonymous_3)
FNDA:1,(anonymous_4)
FNDA:180,(anonymous_5)
FNDA:18,wrapper
FNDA:15,exec
FNDA:36,(anonymous_8)
FNDA:6,(anonymous_9)
FNDA:22,(anonymous_10)
DA:2,6
DA:3,6
DA:4,6
DA:5,6
DA:6,6
DA:7,6
DA:8,10
DA:9,10
DA:10,9
DA:11,5
DA:12,5
DA:14,4
DA:16,6
DA:21,6
DA:22,13
DA:26,6
DA:27,13
DA:31,6
DA:32,13
DA:37,6
DA:38,1
DA:42,6
DA:43,180
DA:45,18
DA:46,18
DA:48,15
DA:50,18
DA:51,5
DA:53,18
DA:55,180
DA:59,6
DA:60,36
DA:61,34
DA:62,33
DA:65,2
DA:66,1
DA:72,6
DA:73,6
DA:74,4
DA:75,1
DA:78,2
DA:79,1
DA:86,6
DA:87,22
DA:88,15
DA:89,9
DA:90,8
DA:91,3
DA:92,9
DA:94,2
LF:50
LH:50
BRDA:3,0,0,6
BRDA:3,0,1,1
BRDA:9,1,0,1
BRDA:9,1,1,9
BRDA:10,2,0,5
BRDA:10,2,1,4
BRDA:50,3,0,5
BRDA:50,3,1,13
BRDA:60,4,0,34
BRDA:60,4,1,2
BRDA:61,5,0,33
BRDA:61,5,1,1
BRDA:61,6,0,34
BRDA:61,6,1,34
BRDA:61,6,2,34
BRDA:65,7,0,1
BRDA:65,7,1,1
BRDA:65,8,0,2
BRDA:65,8,1,2
BRDA:65,8,2,1
BRDA:73,9,0,4
BRDA:73,9,1,2
BRDA:74,10,0,1
BRDA:74,10,1,3
BRDA:74,11,0,4
BRDA:74,11,1,4
BRDA:74,11,2,3
BRDA:78,12,0,1
BRDA:78,12,1,1
BRDA:78,13,0,2
BRDA:78,13,1,2
BRDA:87,14,0,7
BRDA:87,14,1,15
BRDA:88,15,0,6
BRDA:88,15,1,9
BRDA:89,16,0,1
BRDA:89,16,1,8
BRDA:90,17,0,5
BRDA:90,17,1,3
BRDA:92,18,0,1
BRDA:92,18,1,8
BRF:41
BRH:41
end_of_record
TN:
SF:/Users/xushijie/Desktop/myself/j-ui-library/tests/util.js
FN:1,(anonymous_0)
FN:7,(anonymous_1)
FNF:2
FNH:2
FNDA:7,(anonymous_0)
FNDA:14,(anonymous_1)
DA:1,1
DA:2,7
DA:3,7
DA:7,1
DA:8,14
DA:9,14
DA:10,14
DA:11,14
LF:8
LH:8
BRF:0
BRH:0
end_of_record
